[0.543s] DEBUG:colcon:Command line arguments: ['/usr/bin/colcon', 'build', '--packages-select', 'sensor_fusion_pkg']
[0.543s] DEBUG:colcon:Parsed command line arguments: Namespace(log_base=None, log_level=None, verb_name='build', build_base='build', install_base='install', merge_install=False, symlink_install=False, test_result_base=None, continue_on_error=False, executor='parallel', parallel_workers=4, event_handlers=None, ignore_user_meta=False, metas=['./colcon.meta'], base_paths=['.'], packages_ignore=None, packages_ignore_regex=None, paths=None, packages_up_to=None, packages_up_to_regex=None, packages_above=None, packages_above_and_dependencies=None, packages_above_depth=None, packages_select_by_dep=None, packages_skip_by_dep=None, packages_skip_up_to=None, packages_select_build_failed=False, packages_skip_build_finished=False, packages_select_test_failures=False, packages_skip_test_passed=False, packages_select=['sensor_fusion_pkg'], packages_skip=None, packages_select_regex=None, packages_skip_regex=None, packages_start=None, packages_end=None, allow_overriding=[], cargo_args=None, clean_build=False, cmake_args=None, cmake_target=None, cmake_target_skip_unavailable=False, cmake_clean_cache=False, cmake_clean_first=False, cmake_force_configure=False, lookup_in_workspace=False, ament_cmake_args=None, catkin_cmake_args=None, catkin_skip_building_tests=False, verb_parser=<colcon_defaults.argument_parser.defaults.DefaultArgumentsDecorator object at 0xffff818067a0>, verb_extension=<colcon_core.verb.build.BuildVerb object at 0xffff8190fbe0>, main=<bound method BuildVerb.main of <colcon_core.verb.build.BuildVerb object at 0xffff8190fbe0>>)
[1.407s] Level 1:colcon.colcon_core.package_discovery:discover_packages(colcon_meta) check parameters
[1.407s] Level 1:colcon.colcon_core.package_discovery:discover_packages(recursive) check parameters
[1.408s] Level 1:colcon.colcon_core.package_discovery:discover_packages(ignore) check parameters
[1.408s] Level 1:colcon.colcon_core.package_discovery:discover_packages(path) check parameters
[1.408s] Level 1:colcon.colcon_core.package_discovery:discover_packages(colcon_meta) discover
[1.408s] Level 1:colcon.colcon_core.package_discovery:discover_packages(recursive) discover
[1.408s] INFO:colcon.colcon_core.package_discovery:Crawling recursively for packages in '/home/opq/quadcopter_from_scratch'
[1.409s] Level 1:colcon.colcon_core.package_identification:_identify(.) by extensions ['ignore', 'ignore_ament_install']
[1.409s] Level 1:colcon.colcon_core.package_identification:_identify(.) by extension 'ignore'
[1.409s] Level 1:colcon.colcon_core.package_identification:_identify(.) by extension 'ignore_ament_install'
[1.410s] Level 1:colcon.colcon_core.package_identification:_identify(.) by extensions ['colcon_pkg']
[1.410s] Level 1:colcon.colcon_core.package_identification:_identify(.) by extension 'colcon_pkg'
[1.410s] Level 1:colcon.colcon_core.package_identification:_identify(.) by extensions ['colcon_meta']
[1.410s] Level 1:colcon.colcon_core.package_identification:_identify(.) by extension 'colcon_meta'
[1.410s] Level 1:colcon.colcon_core.package_identification:_identify(.) by extensions ['ros']
[1.410s] Level 1:colcon.colcon_core.package_identification:_identify(.) by extension 'ros'
[1.457s] Level 1:colcon.colcon_core.package_identification:_identify(.) by extensions ['cargo', 'cmake', 'python']
[1.457s] Level 1:colcon.colcon_core.package_identification:_identify(.) by extension 'cargo'
[1.457s] Level 1:colcon.colcon_core.package_identification:_identify(.) by extension 'cmake'
[1.458s] Level 1:colcon.colcon_core.package_identification:_identify(.) by extension 'python'
[1.458s] Level 1:colcon.colcon_core.package_identification:_identify(.) by extensions ['python_setup_py']
[1.458s] Level 1:colcon.colcon_core.package_identification:_identify(.) by extension 'python_setup_py'
[1.458s] Level 1:colcon.colcon_core.package_identification:_identify(build) by extensions ['ignore', 'ignore_ament_install']
[1.459s] Level 1:colcon.colcon_core.package_identification:_identify(build) by extension 'ignore'
[1.459s] Level 1:colcon.colcon_core.package_identification:_identify(build) ignored
[1.459s] Level 1:colcon.colcon_core.package_identification:_identify(drone_pi_ws) by extensions ['ignore', 'ignore_ament_install']
[1.460s] Level 1:colcon.colcon_core.package_identification:_identify(drone_pi_ws) by extension 'ignore'
[1.460s] Level 1:colcon.colcon_core.package_identification:_identify(drone_pi_ws) by extension 'ignore_ament_install'
[1.460s] Level 1:colcon.colcon_core.package_identification:_identify(drone_pi_ws) by extensions ['colcon_pkg']
[1.460s] Level 1:colcon.colcon_core.package_identification:_identify(drone_pi_ws) by extension 'colcon_pkg'
[1.460s] Level 1:colcon.colcon_core.package_identification:_identify(drone_pi_ws) by extensions ['colcon_meta']
[1.460s] Level 1:colcon.colcon_core.package_identification:_identify(drone_pi_ws) by extension 'colcon_meta'
[1.461s] Level 1:colcon.colcon_core.package_identification:_identify(drone_pi_ws) by extensions ['ros']
[1.461s] Level 1:colcon.colcon_core.package_identification:_identify(drone_pi_ws) by extension 'ros'
[1.461s] Level 1:colcon.colcon_core.package_identification:_identify(drone_pi_ws) by extensions ['cargo', 'cmake', 'python']
[1.461s] Level 1:colcon.colcon_core.package_identification:_identify(drone_pi_ws) by extension 'cargo'
[1.461s] Level 1:colcon.colcon_core.package_identification:_identify(drone_pi_ws) by extension 'cmake'
[1.462s] Level 1:colcon.colcon_core.package_identification:_identify(drone_pi_ws) by extension 'python'
[1.462s] Level 1:colcon.colcon_core.package_identification:_identify(drone_pi_ws) by extensions ['python_setup_py']
[1.462s] Level 1:colcon.colcon_core.package_identification:_identify(drone_pi_ws) by extension 'python_setup_py'
[1.463s] Level 1:colcon.colcon_core.package_identification:_identify(drone_pi_ws/build) by extensions ['ignore', 'ignore_ament_install']
[1.463s] Level 1:colcon.colcon_core.package_identification:_identify(drone_pi_ws/build) by extension 'ignore'
[1.463s] Level 1:colcon.colcon_core.package_identification:_identify(drone_pi_ws/build) ignored
[1.464s] Level 1:colcon.colcon_core.package_identification:_identify(drone_pi_ws/install) by extensions ['ignore', 'ignore_ament_install']
[1.464s] Level 1:colcon.colcon_core.package_identification:_identify(drone_pi_ws/install) by extension 'ignore'
[1.464s] Level 1:colcon.colcon_core.package_identification:_identify(drone_pi_ws/install) ignored
[1.467s] Level 1:colcon.colcon_core.package_identification:_identify(drone_pi_ws/log) by extensions ['ignore', 'ignore_ament_install']
[1.467s] Level 1:colcon.colcon_core.package_identification:_identify(drone_pi_ws/log) by extension 'ignore'
[1.467s] Level 1:colcon.colcon_core.package_identification:_identify(drone_pi_ws/log) ignored
[1.468s] Level 1:colcon.colcon_core.package_identification:_identify(drone_pi_ws/src) by extensions ['ignore', 'ignore_ament_install']
[1.468s] Level 1:colcon.colcon_core.package_identification:_identify(drone_pi_ws/src) by extension 'ignore'
[1.468s] Level 1:colcon.colcon_core.package_identification:_identify(drone_pi_ws/src) by extension 'ignore_ament_install'
[1.469s] Level 1:colcon.colcon_core.package_identification:_identify(drone_pi_ws/src) by extensions ['colcon_pkg']
[1.469s] Level 1:colcon.colcon_core.package_identification:_identify(drone_pi_ws/src) by extension 'colcon_pkg'
[1.469s] Level 1:colcon.colcon_core.package_identification:_identify(drone_pi_ws/src) by extensions ['colcon_meta']
[1.469s] Level 1:colcon.colcon_core.package_identification:_identify(drone_pi_ws/src) by extension 'colcon_meta'
[1.469s] Level 1:colcon.colcon_core.package_identification:_identify(drone_pi_ws/src) by extensions ['ros']
[1.469s] Level 1:colcon.colcon_core.package_identification:_identify(drone_pi_ws/src) by extension 'ros'
[1.470s] Level 1:colcon.colcon_core.package_identification:_identify(drone_pi_ws/src) by extensions ['cargo', 'cmake', 'python']
[1.470s] Level 1:colcon.colcon_core.package_identification:_identify(drone_pi_ws/src) by extension 'cargo'
[1.470s] Level 1:colcon.colcon_core.package_identification:_identify(drone_pi_ws/src) by extension 'cmake'
[1.470s] Level 1:colcon.colcon_core.package_identification:_identify(drone_pi_ws/src) by extension 'python'
[1.470s] Level 1:colcon.colcon_core.package_identification:_identify(drone_pi_ws/src) by extensions ['python_setup_py']
[1.470s] Level 1:colcon.colcon_core.package_identification:_identify(drone_pi_ws/src) by extension 'python_setup_py'
[1.471s] Level 1:colcon.colcon_core.package_identification:_identify(drone_pi_ws/src/imu_publisher_pkg) by extensions ['ignore', 'ignore_ament_install']
[1.471s] Level 1:colcon.colcon_core.package_identification:_identify(drone_pi_ws/src/imu_publisher_pkg) by extension 'ignore'
[1.471s] Level 1:colcon.colcon_core.package_identification:_identify(drone_pi_ws/src/imu_publisher_pkg) by extension 'ignore_ament_install'
[1.472s] Level 1:colcon.colcon_core.package_identification:_identify(drone_pi_ws/src/imu_publisher_pkg) by extensions ['colcon_pkg']
[1.472s] Level 1:colcon.colcon_core.package_identification:_identify(drone_pi_ws/src/imu_publisher_pkg) by extension 'colcon_pkg'
[1.472s] Level 1:colcon.colcon_core.package_identification:_identify(drone_pi_ws/src/imu_publisher_pkg) by extensions ['colcon_meta']
[1.472s] Level 1:colcon.colcon_core.package_identification:_identify(drone_pi_ws/src/imu_publisher_pkg) by extension 'colcon_meta'
[1.472s] Level 1:colcon.colcon_core.package_identification:_identify(drone_pi_ws/src/imu_publisher_pkg) by extensions ['ros']
[1.472s] Level 1:colcon.colcon_core.package_identification:_identify(drone_pi_ws/src/imu_publisher_pkg) by extension 'ros'
[1.483s] DEBUG:colcon.colcon_core.package_identification:Package 'drone_pi_ws/src/imu_publisher_pkg' with type 'ros.ament_cargo' and name 'imu_publisher_pkg'
[1.483s] Level 1:colcon.colcon_core.package_identification:_identify(drone_pi_ws/src/ros2) by extensions ['ignore', 'ignore_ament_install']
[1.484s] Level 1:colcon.colcon_core.package_identification:_identify(drone_pi_ws/src/ros2) by extension 'ignore'
[1.484s] Level 1:colcon.colcon_core.package_identification:_identify(drone_pi_ws/src/ros2) by extension 'ignore_ament_install'
[1.484s] Level 1:colcon.colcon_core.package_identification:_identify(drone_pi_ws/src/ros2) by extensions ['colcon_pkg']
[1.484s] Level 1:colcon.colcon_core.package_identification:_identify(drone_pi_ws/src/ros2) by extension 'colcon_pkg'
[1.484s] Level 1:colcon.colcon_core.package_identification:_identify(drone_pi_ws/src/ros2) by extensions ['colcon_meta']
[1.485s] Level 1:colcon.colcon_core.package_identification:_identify(drone_pi_ws/src/ros2) by extension 'colcon_meta'
[1.485s] Level 1:colcon.colcon_core.package_identification:_identify(drone_pi_ws/src/ros2) by extensions ['ros']
[1.485s] Level 1:colcon.colcon_core.package_identification:_identify(drone_pi_ws/src/ros2) by extension 'ros'
[1.485s] Level 1:colcon.colcon_core.package_identification:_identify(drone_pi_ws/src/ros2) by extensions ['cargo', 'cmake', 'python']
[1.485s] Level 1:colcon.colcon_core.package_identification:_identify(drone_pi_ws/src/ros2) by extension 'cargo'
[1.486s] Level 1:colcon.colcon_core.package_identification:_identify(drone_pi_ws/src/ros2) by extension 'cmake'
[1.486s] Level 1:colcon.colcon_core.package_identification:_identify(drone_pi_ws/src/ros2) by extension 'python'
[1.486s] Level 1:colcon.colcon_core.package_identification:_identify(drone_pi_ws/src/ros2) by extensions ['python_setup_py']
[1.486s] Level 1:colcon.colcon_core.package_identification:_identify(drone_pi_ws/src/ros2) by extension 'python_setup_py'
[1.487s] Level 1:colcon.colcon_core.package_identification:_identify(drone_pi_ws/src/ros2/common_interfaces) by extensions ['ignore', 'ignore_ament_install']
[1.487s] Level 1:colcon.colcon_core.package_identification:_identify(drone_pi_ws/src/ros2/common_interfaces) by extension 'ignore'
[1.487s] Level 1:colcon.colcon_core.package_identification:_identify(drone_pi_ws/src/ros2/common_interfaces) by extension 'ignore_ament_install'
[1.487s] Level 1:colcon.colcon_core.package_identification:_identify(drone_pi_ws/src/ros2/common_interfaces) by extensions ['colcon_pkg']
[1.488s] Level 1:colcon.colcon_core.package_identification:_identify(drone_pi_ws/src/ros2/common_interfaces) by extension 'colcon_pkg'
[1.488s] Level 1:colcon.colcon_core.package_identification:_identify(drone_pi_ws/src/ros2/common_interfaces) by extensions ['colcon_meta']
[1.488s] Level 1:colcon.colcon_core.package_identification:_identify(drone_pi_ws/src/ros2/common_interfaces) by extension 'colcon_meta'
[1.488s] Level 1:colcon.colcon_core.package_identification:_identify(drone_pi_ws/src/ros2/common_interfaces) by extensions ['ros']
[1.488s] Level 1:colcon.colcon_core.package_identification:_identify(drone_pi_ws/src/ros2/common_interfaces) by extension 'ros'
[1.489s] Level 1:colcon.colcon_core.package_identification:_identify(drone_pi_ws/src/ros2/common_interfaces) by extensions ['cargo', 'cmake', 'python']
[1.489s] Level 1:colcon.colcon_core.package_identification:_identify(drone_pi_ws/src/ros2/common_interfaces) by extension 'cargo'
[1.489s] Level 1:colcon.colcon_core.package_identification:_identify(drone_pi_ws/src/ros2/common_interfaces) by extension 'cmake'
[1.489s] Level 1:colcon.colcon_core.package_identification:_identify(drone_pi_ws/src/ros2/common_interfaces) by extension 'python'
[1.489s] Level 1:colcon.colcon_core.package_identification:_identify(drone_pi_ws/src/ros2/common_interfaces) by extensions ['python_setup_py']
[1.489s] Level 1:colcon.colcon_core.package_identification:_identify(drone_pi_ws/src/ros2/common_interfaces) by extension 'python_setup_py'
[1.490s] Level 1:colcon.colcon_core.package_identification:_identify(drone_pi_ws/src/ros2/common_interfaces/actionlib_msgs) by extensions ['ignore', 'ignore_ament_install']
[1.490s] Level 1:colcon.colcon_core.package_identification:_identify(drone_pi_ws/src/ros2/common_interfaces/actionlib_msgs) by extension 'ignore'
[1.491s] Level 1:colcon.colcon_core.package_identification:_identify(drone_pi_ws/src/ros2/common_interfaces/actionlib_msgs) by extension 'ignore_ament_install'
[1.491s] Level 1:colcon.colcon_core.package_identification:_identify(drone_pi_ws/src/ros2/common_interfaces/actionlib_msgs) by extensions ['colcon_pkg']
[1.491s] Level 1:colcon.colcon_core.package_identification:_identify(drone_pi_ws/src/ros2/common_interfaces/actionlib_msgs) by extension 'colcon_pkg'
[1.491s] Level 1:colcon.colcon_core.package_identification:_identify(drone_pi_ws/src/ros2/common_interfaces/actionlib_msgs) by extensions ['colcon_meta']
[1.491s] Level 1:colcon.colcon_core.package_identification:_identify(drone_pi_ws/src/ros2/common_interfaces/actionlib_msgs) by extension 'colcon_meta'
[1.491s] Level 1:colcon.colcon_core.package_identification:_identify(drone_pi_ws/src/ros2/common_interfaces/actionlib_msgs) by extensions ['ros']
[1.492s] Level 1:colcon.colcon_core.package_identification:_identify(drone_pi_ws/src/ros2/common_interfaces/actionlib_msgs) by extension 'ros'
[1.495s] DEBUG:colcon.colcon_core.package_identification:Package 'drone_pi_ws/src/ros2/common_interfaces/actionlib_msgs' with type 'ros.ament_cmake' and name 'actionlib_msgs'
[1.495s] Level 1:colcon.colcon_core.package_identification:_identify(drone_pi_ws/src/ros2/common_interfaces/common_interfaces) by extensions ['ignore', 'ignore_ament_install']
[1.496s] Level 1:colcon.colcon_core.package_identification:_identify(drone_pi_ws/src/ros2/common_interfaces/common_interfaces) by extension 'ignore'
[1.496s] Level 1:colcon.colcon_core.package_identification:_identify(drone_pi_ws/src/ros2/common_interfaces/common_interfaces) by extension 'ignore_ament_install'
[1.496s] Level 1:colcon.colcon_core.package_identification:_identify(drone_pi_ws/src/ros2/common_interfaces/common_interfaces) by extensions ['colcon_pkg']
[1.496s] Level 1:colcon.colcon_core.package_identification:_identify(drone_pi_ws/src/ros2/common_interfaces/common_interfaces) by extension 'colcon_pkg'
[1.496s] Level 1:colcon.colcon_core.package_identification:_identify(drone_pi_ws/src/ros2/common_interfaces/common_interfaces) by extensions ['colcon_meta']
[1.496s] Level 1:colcon.colcon_core.package_identification:_identify(drone_pi_ws/src/ros2/common_interfaces/common_interfaces) by extension 'colcon_meta'
[1.497s] Level 1:colcon.colcon_core.package_identification:_identify(drone_pi_ws/src/ros2/common_interfaces/common_interfaces) by extensions ['ros']
[1.497s] Level 1:colcon.colcon_core.package_identification:_identify(drone_pi_ws/src/ros2/common_interfaces/common_interfaces) by extension 'ros'
[1.500s] DEBUG:colcon.colcon_core.package_identification:Package 'drone_pi_ws/src/ros2/common_interfaces/common_interfaces' with type 'ros.ament_cmake' and name 'common_interfaces'
[1.500s] Level 1:colcon.colcon_core.package_identification:_identify(drone_pi_ws/src/ros2/common_interfaces/diagnostic_msgs) by extensions ['ignore', 'ignore_ament_install']
[1.501s] Level 1:colcon.colcon_core.package_identification:_identify(drone_pi_ws/src/ros2/common_interfaces/diagnostic_msgs) by extension 'ignore'
[1.501s] Level 1:colcon.colcon_core.package_identification:_identify(drone_pi_ws/src/ros2/common_interfaces/diagnostic_msgs) by extension 'ignore_ament_install'
[1.501s] Level 1:colcon.colcon_core.package_identification:_identify(drone_pi_ws/src/ros2/common_interfaces/diagnostic_msgs) by extensions ['colcon_pkg']
[1.501s] Level 1:colcon.colcon_core.package_identification:_identify(drone_pi_ws/src/ros2/common_interfaces/diagnostic_msgs) by extension 'colcon_pkg'
[1.502s] Level 1:colcon.colcon_core.package_identification:_identify(drone_pi_ws/src/ros2/common_interfaces/diagnostic_msgs) by extensions ['colcon_meta']
[1.502s] Level 1:colcon.colcon_core.package_identification:_identify(drone_pi_ws/src/ros2/common_interfaces/diagnostic_msgs) by extension 'colcon_meta'
[1.502s] Level 1:colcon.colcon_core.package_identification:_identify(drone_pi_ws/src/ros2/common_interfaces/diagnostic_msgs) by extensions ['ros']
[1.502s] Level 1:colcon.colcon_core.package_identification:_identify(drone_pi_ws/src/ros2/common_interfaces/diagnostic_msgs) by extension 'ros'
[1.505s] DEBUG:colcon.colcon_core.package_identification:Package 'drone_pi_ws/src/ros2/common_interfaces/diagnostic_msgs' with type 'ros.ament_cmake' and name 'diagnostic_msgs'
[1.506s] Level 1:colcon.colcon_core.package_identification:_identify(drone_pi_ws/src/ros2/common_interfaces/docs) by extensions ['ignore', 'ignore_ament_install']
[1.507s] Level 1:colcon.colcon_core.package_identification:_identify(drone_pi_ws/src/ros2/common_interfaces/docs) by extension 'ignore'
[1.507s] Level 1:colcon.colcon_core.package_identification:_identify(drone_pi_ws/src/ros2/common_interfaces/docs) by extension 'ignore_ament_install'
[1.507s] Level 1:colcon.colcon_core.package_identification:_identify(drone_pi_ws/src/ros2/common_interfaces/docs) by extensions ['colcon_pkg']
[1.507s] Level 1:colcon.colcon_core.package_identification:_identify(drone_pi_ws/src/ros2/common_interfaces/docs) by extension 'colcon_pkg'
[1.507s] Level 1:colcon.colcon_core.package_identification:_identify(drone_pi_ws/src/ros2/common_interfaces/docs) by extensions ['colcon_meta']
[1.507s] Level 1:colcon.colcon_core.package_identification:_identify(drone_pi_ws/src/ros2/common_interfaces/docs) by extension 'colcon_meta'
[1.508s] Level 1:colcon.colcon_core.package_identification:_identify(drone_pi_ws/src/ros2/common_interfaces/docs) by extensions ['ros']
[1.508s] Level 1:colcon.colcon_core.package_identification:_identify(drone_pi_ws/src/ros2/common_interfaces/docs) by extension 'ros'
[1.508s] Level 1:colcon.colcon_core.package_identification:_identify(drone_pi_ws/src/ros2/common_interfaces/docs) by extensions ['cargo', 'cmake', 'python']
[1.508s] Level 1:colcon.colcon_core.package_identification:_identify(drone_pi_ws/src/ros2/common_interfaces/docs) by extension 'cargo'
[1.508s] Level 1:colcon.colcon_core.package_identification:_identify(drone_pi_ws/src/ros2/common_interfaces/docs) by extension 'cmake'
[1.509s] Level 1:colcon.colcon_core.package_identification:_identify(drone_pi_ws/src/ros2/common_interfaces/docs) by extension 'python'
[1.509s] Level 1:colcon.colcon_core.package_identification:_identify(drone_pi_ws/src/ros2/common_interfaces/docs) by extensions ['python_setup_py']
[1.509s] Level 1:colcon.colcon_core.package_identification:_identify(drone_pi_ws/src/ros2/common_interfaces/docs) by extension 'python_setup_py'
[1.509s] Level 1:colcon.colcon_core.package_identification:_identify(drone_pi_ws/src/ros2/common_interfaces/geometry_msgs) by extensions ['ignore', 'ignore_ament_install']
[1.510s] Level 1:colcon.colcon_core.package_identification:_identify(drone_pi_ws/src/ros2/common_interfaces/geometry_msgs) by extension 'ignore'
[1.510s] Level 1:colcon.colcon_core.package_identification:_identify(drone_pi_ws/src/ros2/common_interfaces/geometry_msgs) by extension 'ignore_ament_install'
[1.510s] Level 1:colcon.colcon_core.package_identification:_identify(drone_pi_ws/src/ros2/common_interfaces/geometry_msgs) by extensions ['colcon_pkg']
[1.510s] Level 1:colcon.colcon_core.package_identification:_identify(drone_pi_ws/src/ros2/common_interfaces/geometry_msgs) by extension 'colcon_pkg'
[1.511s] Level 1:colcon.colcon_core.package_identification:_identify(drone_pi_ws/src/ros2/common_interfaces/geometry_msgs) by extensions ['colcon_meta']
[1.511s] Level 1:colcon.colcon_core.package_identification:_identify(drone_pi_ws/src/ros2/common_interfaces/geometry_msgs) by extension 'colcon_meta'
[1.511s] Level 1:colcon.colcon_core.package_identification:_identify(drone_pi_ws/src/ros2/common_interfaces/geometry_msgs) by extensions ['ros']
[1.511s] Level 1:colcon.colcon_core.package_identification:_identify(drone_pi_ws/src/ros2/common_interfaces/geometry_msgs) by extension 'ros'
[1.514s] DEBUG:colcon.colcon_core.package_identification:Package 'drone_pi_ws/src/ros2/common_interfaces/geometry_msgs' with type 'ros.ament_cmake' and name 'geometry_msgs'
[1.514s] Level 1:colcon.colcon_core.package_identification:_identify(drone_pi_ws/src/ros2/common_interfaces/nav_msgs) by extensions ['ignore', 'ignore_ament_install']
[1.515s] Level 1:colcon.colcon_core.package_identification:_identify(drone_pi_ws/src/ros2/common_interfaces/nav_msgs) by extension 'ignore'
[1.515s] Level 1:colcon.colcon_core.package_identification:_identify(drone_pi_ws/src/ros2/common_interfaces/nav_msgs) by extension 'ignore_ament_install'
[1.515s] Level 1:colcon.colcon_core.package_identification:_identify(drone_pi_ws/src/ros2/common_interfaces/nav_msgs) by extensions ['colcon_pkg']
[1.515s] Level 1:colcon.colcon_core.package_identification:_identify(drone_pi_ws/src/ros2/common_interfaces/nav_msgs) by extension 'colcon_pkg'
[1.515s] Level 1:colcon.colcon_core.package_identification:_identify(drone_pi_ws/src/ros2/common_interfaces/nav_msgs) by extensions ['colcon_meta']
[1.516s] Level 1:colcon.colcon_core.package_identification:_identify(drone_pi_ws/src/ros2/common_interfaces/nav_msgs) by extension 'colcon_meta'
[1.516s] Level 1:colcon.colcon_core.package_identification:_identify(drone_pi_ws/src/ros2/common_interfaces/nav_msgs) by extensions ['ros']
[1.516s] Level 1:colcon.colcon_core.package_identification:_identify(drone_pi_ws/src/ros2/common_interfaces/nav_msgs) by extension 'ros'
[1.519s] DEBUG:colcon.colcon_core.package_identification:Package 'drone_pi_ws/src/ros2/common_interfaces/nav_msgs' with type 'ros.ament_cmake' and name 'nav_msgs'
[1.520s] Level 1:colcon.colcon_core.package_identification:_identify(drone_pi_ws/src/ros2/common_interfaces/sensor_msgs) by extensions ['ignore', 'ignore_ament_install']
[1.520s] Level 1:colcon.colcon_core.package_identification:_identify(drone_pi_ws/src/ros2/common_interfaces/sensor_msgs) by extension 'ignore'
[1.520s] Level 1:colcon.colcon_core.package_identification:_identify(drone_pi_ws/src/ros2/common_interfaces/sensor_msgs) by extension 'ignore_ament_install'
[1.521s] Level 1:colcon.colcon_core.package_identification:_identify(drone_pi_ws/src/ros2/common_interfaces/sensor_msgs) by extensions ['colcon_pkg']
[1.521s] Level 1:colcon.colcon_core.package_identification:_identify(drone_pi_ws/src/ros2/common_interfaces/sensor_msgs) by extension 'colcon_pkg'
[1.521s] Level 1:colcon.colcon_core.package_identification:_identify(drone_pi_ws/src/ros2/common_interfaces/sensor_msgs) by extensions ['colcon_meta']
[1.521s] Level 1:colcon.colcon_core.package_identification:_identify(drone_pi_ws/src/ros2/common_interfaces/sensor_msgs) by extension 'colcon_meta'
[1.521s] Level 1:colcon.colcon_core.package_identification:_identify(drone_pi_ws/src/ros2/common_interfaces/sensor_msgs) by extensions ['ros']
[1.522s] Level 1:colcon.colcon_core.package_identification:_identify(drone_pi_ws/src/ros2/common_interfaces/sensor_msgs) by extension 'ros'
[1.525s] DEBUG:colcon.colcon_core.package_identification:Package 'drone_pi_ws/src/ros2/common_interfaces/sensor_msgs' with type 'ros.ament_cmake' and name 'sensor_msgs'
[1.525s] Level 1:colcon.colcon_core.package_identification:_identify(drone_pi_ws/src/ros2/common_interfaces/sensor_msgs_py) by extensions ['ignore', 'ignore_ament_install']
[1.526s] Level 1:colcon.colcon_core.package_identification:_identify(drone_pi_ws/src/ros2/common_interfaces/sensor_msgs_py) by extension 'ignore'
[1.526s] Level 1:colcon.colcon_core.package_identification:_identify(drone_pi_ws/src/ros2/common_interfaces/sensor_msgs_py) by extension 'ignore_ament_install'
[1.526s] Level 1:colcon.colcon_core.package_identification:_identify(drone_pi_ws/src/ros2/common_interfaces/sensor_msgs_py) by extensions ['colcon_pkg']
[1.526s] Level 1:colcon.colcon_core.package_identification:_identify(drone_pi_ws/src/ros2/common_interfaces/sensor_msgs_py) by extension 'colcon_pkg'
[1.527s] Level 1:colcon.colcon_core.package_identification:_identify(drone_pi_ws/src/ros2/common_interfaces/sensor_msgs_py) by extensions ['colcon_meta']
[1.527s] Level 1:colcon.colcon_core.package_identification:_identify(drone_pi_ws/src/ros2/common_interfaces/sensor_msgs_py) by extension 'colcon_meta'
[1.527s] Level 1:colcon.colcon_core.package_identification:_identify(drone_pi_ws/src/ros2/common_interfaces/sensor_msgs_py) by extensions ['ros']
[1.527s] Level 1:colcon.colcon_core.package_identification:_identify(drone_pi_ws/src/ros2/common_interfaces/sensor_msgs_py) by extension 'ros'
[1.530s] DEBUG:colcon.colcon_core.package_identification:Package 'drone_pi_ws/src/ros2/common_interfaces/sensor_msgs_py' with type 'ros.ament_python' and name 'sensor_msgs_py'
[1.530s] Level 1:colcon.colcon_core.package_identification:_identify(drone_pi_ws/src/ros2/common_interfaces/shape_msgs) by extensions ['ignore', 'ignore_ament_install']
[1.531s] Level 1:colcon.colcon_core.package_identification:_identify(drone_pi_ws/src/ros2/common_interfaces/shape_msgs) by extension 'ignore'
[1.531s] Level 1:colcon.colcon_core.package_identification:_identify(drone_pi_ws/src/ros2/common_interfaces/shape_msgs) by extension 'ignore_ament_install'
[1.531s] Level 1:colcon.colcon_core.package_identification:_identify(drone_pi_ws/src/ros2/common_interfaces/shape_msgs) by extensions ['colcon_pkg']
[1.531s] Level 1:colcon.colcon_core.package_identification:_identify(drone_pi_ws/src/ros2/common_interfaces/shape_msgs) by extension 'colcon_pkg'
[1.532s] Level 1:colcon.colcon_core.package_identification:_identify(drone_pi_ws/src/ros2/common_interfaces/shape_msgs) by extensions ['colcon_meta']
[1.532s] Level 1:colcon.colcon_core.package_identification:_identify(drone_pi_ws/src/ros2/common_interfaces/shape_msgs) by extension 'colcon_meta'
[1.532s] Level 1:colcon.colcon_core.package_identification:_identify(drone_pi_ws/src/ros2/common_interfaces/shape_msgs) by extensions ['ros']
[1.532s] Level 1:colcon.colcon_core.package_identification:_identify(drone_pi_ws/src/ros2/common_interfaces/shape_msgs) by extension 'ros'
[1.535s] DEBUG:colcon.colcon_core.package_identification:Package 'drone_pi_ws/src/ros2/common_interfaces/shape_msgs' with type 'ros.ament_cmake' and name 'shape_msgs'
[1.535s] Level 1:colcon.colcon_core.package_identification:_identify(drone_pi_ws/src/ros2/common_interfaces/std_msgs) by extensions ['ignore', 'ignore_ament_install']
[1.536s] Level 1:colcon.colcon_core.package_identification:_identify(drone_pi_ws/src/ros2/common_interfaces/std_msgs) by extension 'ignore'
[1.536s] Level 1:colcon.colcon_core.package_identification:_identify(drone_pi_ws/src/ros2/common_interfaces/std_msgs) by extension 'ignore_ament_install'
[1.536s] Level 1:colcon.colcon_core.package_identification:_identify(drone_pi_ws/src/ros2/common_interfaces/std_msgs) by extensions ['colcon_pkg']
[1.536s] Level 1:colcon.colcon_core.package_identification:_identify(drone_pi_ws/src/ros2/common_interfaces/std_msgs) by extension 'colcon_pkg'
[1.536s] Level 1:colcon.colcon_core.package_identification:_identify(drone_pi_ws/src/ros2/common_interfaces/std_msgs) by extensions ['colcon_meta']
[1.536s] Level 1:colcon.colcon_core.package_identification:_identify(drone_pi_ws/src/ros2/common_interfaces/std_msgs) by extension 'colcon_meta'
[1.537s] Level 1:colcon.colcon_core.package_identification:_identify(drone_pi_ws/src/ros2/common_interfaces/std_msgs) by extensions ['ros']
[1.537s] Level 1:colcon.colcon_core.package_identification:_identify(drone_pi_ws/src/ros2/common_interfaces/std_msgs) by extension 'ros'
[1.539s] DEBUG:colcon.colcon_core.package_identification:Package 'drone_pi_ws/src/ros2/common_interfaces/std_msgs' with type 'ros.ament_cmake' and name 'std_msgs'
[1.540s] Level 1:colcon.colcon_core.package_identification:_identify(drone_pi_ws/src/ros2/common_interfaces/std_srvs) by extensions ['ignore', 'ignore_ament_install']
[1.541s] Level 1:colcon.colcon_core.package_identification:_identify(drone_pi_ws/src/ros2/common_interfaces/std_srvs) by extension 'ignore'
[1.541s] Level 1:colcon.colcon_core.package_identification:_identify(drone_pi_ws/src/ros2/common_interfaces/std_srvs) by extension 'ignore_ament_install'
[1.541s] Level 1:colcon.colcon_core.package_identification:_identify(drone_pi_ws/src/ros2/common_interfaces/std_srvs) by extensions ['colcon_pkg']
[1.541s] Level 1:colcon.colcon_core.package_identification:_identify(drone_pi_ws/src/ros2/common_interfaces/std_srvs) by extension 'colcon_pkg'
[1.541s] Level 1:colcon.colcon_core.package_identification:_identify(drone_pi_ws/src/ros2/common_interfaces/std_srvs) by extensions ['colcon_meta']
[1.541s] Level 1:colcon.colcon_core.package_identification:_identify(drone_pi_ws/src/ros2/common_interfaces/std_srvs) by extension 'colcon_meta'
[1.542s] Level 1:colcon.colcon_core.package_identification:_identify(drone_pi_ws/src/ros2/common_interfaces/std_srvs) by extensions ['ros']
[1.542s] Level 1:colcon.colcon_core.package_identification:_identify(drone_pi_ws/src/ros2/common_interfaces/std_srvs) by extension 'ros'
[1.544s] DEBUG:colcon.colcon_core.package_identification:Package 'drone_pi_ws/src/ros2/common_interfaces/std_srvs' with type 'ros.ament_cmake' and name 'std_srvs'
[1.545s] Level 1:colcon.colcon_core.package_identification:_identify(drone_pi_ws/src/ros2/common_interfaces/stereo_msgs) by extensions ['ignore', 'ignore_ament_install']
[1.545s] Level 1:colcon.colcon_core.package_identification:_identify(drone_pi_ws/src/ros2/common_interfaces/stereo_msgs) by extension 'ignore'
[1.545s] Level 1:colcon.colcon_core.package_identification:_identify(drone_pi_ws/src/ros2/common_interfaces/stereo_msgs) by extension 'ignore_ament_install'
[1.546s] Level 1:colcon.colcon_core.package_identification:_identify(drone_pi_ws/src/ros2/common_interfaces/stereo_msgs) by extensions ['colcon_pkg']
[1.546s] Level 1:colcon.colcon_core.package_identification:_identify(drone_pi_ws/src/ros2/common_interfaces/stereo_msgs) by extension 'colcon_pkg'
[1.546s] Level 1:colcon.colcon_core.package_identification:_identify(drone_pi_ws/src/ros2/common_interfaces/stereo_msgs) by extensions ['colcon_meta']
[1.546s] Level 1:colcon.colcon_core.package_identification:_identify(drone_pi_ws/src/ros2/common_interfaces/stereo_msgs) by extension 'colcon_meta'
[1.546s] Level 1:colcon.colcon_core.package_identification:_identify(drone_pi_ws/src/ros2/common_interfaces/stereo_msgs) by extensions ['ros']
[1.546s] Level 1:colcon.colcon_core.package_identification:_identify(drone_pi_ws/src/ros2/common_interfaces/stereo_msgs) by extension 'ros'
[1.549s] DEBUG:colcon.colcon_core.package_identification:Package 'drone_pi_ws/src/ros2/common_interfaces/stereo_msgs' with type 'ros.ament_cmake' and name 'stereo_msgs'
[1.550s] Level 1:colcon.colcon_core.package_identification:_identify(drone_pi_ws/src/ros2/common_interfaces/trajectory_msgs) by extensions ['ignore', 'ignore_ament_install']
[1.550s] Level 1:colcon.colcon_core.package_identification:_identify(drone_pi_ws/src/ros2/common_interfaces/trajectory_msgs) by extension 'ignore'
[1.551s] Level 1:colcon.colcon_core.package_identification:_identify(drone_pi_ws/src/ros2/common_interfaces/trajectory_msgs) by extension 'ignore_ament_install'
[1.551s] Level 1:colcon.colcon_core.package_identification:_identify(drone_pi_ws/src/ros2/common_interfaces/trajectory_msgs) by extensions ['colcon_pkg']
[1.551s] Level 1:colcon.colcon_core.package_identification:_identify(drone_pi_ws/src/ros2/common_interfaces/trajectory_msgs) by extension 'colcon_pkg'
[1.551s] Level 1:colcon.colcon_core.package_identification:_identify(drone_pi_ws/src/ros2/common_interfaces/trajectory_msgs) by extensions ['colcon_meta']
[1.551s] Level 1:colcon.colcon_core.package_identification:_identify(drone_pi_ws/src/ros2/common_interfaces/trajectory_msgs) by extension 'colcon_meta'
[1.552s] Level 1:colcon.colcon_core.package_identification:_identify(drone_pi_ws/src/ros2/common_interfaces/trajectory_msgs) by extensions ['ros']
[1.552s] Level 1:colcon.colcon_core.package_identification:_identify(drone_pi_ws/src/ros2/common_interfaces/trajectory_msgs) by extension 'ros'
[1.555s] DEBUG:colcon.colcon_core.package_identification:Package 'drone_pi_ws/src/ros2/common_interfaces/trajectory_msgs' with type 'ros.ament_cmake' and name 'trajectory_msgs'
[1.556s] Level 1:colcon.colcon_core.package_identification:_identify(drone_pi_ws/src/ros2/common_interfaces/visualization_msgs) by extensions ['ignore', 'ignore_ament_install']
[1.556s] Level 1:colcon.colcon_core.package_identification:_identify(drone_pi_ws/src/ros2/common_interfaces/visualization_msgs) by extension 'ignore'
[1.556s] Level 1:colcon.colcon_core.package_identification:_identify(drone_pi_ws/src/ros2/common_interfaces/visualization_msgs) by extension 'ignore_ament_install'
[1.557s] Level 1:colcon.colcon_core.package_identification:_identify(drone_pi_ws/src/ros2/common_interfaces/visualization_msgs) by extensions ['colcon_pkg']
[1.557s] Level 1:colcon.colcon_core.package_identification:_identify(drone_pi_ws/src/ros2/common_interfaces/visualization_msgs) by extension 'colcon_pkg'
[1.557s] Level 1:colcon.colcon_core.package_identification:_identify(drone_pi_ws/src/ros2/common_interfaces/visualization_msgs) by extensions ['colcon_meta']
[1.557s] Level 1:colcon.colcon_core.package_identification:_identify(drone_pi_ws/src/ros2/common_interfaces/visualization_msgs) by extension 'colcon_meta'
[1.557s] Level 1:colcon.colcon_core.package_identification:_identify(drone_pi_ws/src/ros2/common_interfaces/visualization_msgs) by extensions ['ros']
[1.558s] Level 1:colcon.colcon_core.package_identification:_identify(drone_pi_ws/src/ros2/common_interfaces/visualization_msgs) by extension 'ros'
[1.561s] DEBUG:colcon.colcon_core.package_identification:Package 'drone_pi_ws/src/ros2/common_interfaces/visualization_msgs' with type 'ros.ament_cmake' and name 'visualization_msgs'
[1.562s] Level 1:colcon.colcon_core.package_identification:_identify(drone_pi_ws/src/ros2/example_interfaces) by extensions ['ignore', 'ignore_ament_install']
[1.562s] Level 1:colcon.colcon_core.package_identification:_identify(drone_pi_ws/src/ros2/example_interfaces) by extension 'ignore'
[1.562s] Level 1:colcon.colcon_core.package_identification:_identify(drone_pi_ws/src/ros2/example_interfaces) by extension 'ignore_ament_install'
[1.562s] Level 1:colcon.colcon_core.package_identification:_identify(drone_pi_ws/src/ros2/example_interfaces) by extensions ['colcon_pkg']
[1.562s] Level 1:colcon.colcon_core.package_identification:_identify(drone_pi_ws/src/ros2/example_interfaces) by extension 'colcon_pkg'
[1.563s] Level 1:colcon.colcon_core.package_identification:_identify(drone_pi_ws/src/ros2/example_interfaces) by extensions ['colcon_meta']
[1.563s] Level 1:colcon.colcon_core.package_identification:_identify(drone_pi_ws/src/ros2/example_interfaces) by extension 'colcon_meta'
[1.563s] Level 1:colcon.colcon_core.package_identification:_identify(drone_pi_ws/src/ros2/example_interfaces) by extensions ['ros']
[1.563s] Level 1:colcon.colcon_core.package_identification:_identify(drone_pi_ws/src/ros2/example_interfaces) by extension 'ros'
[1.566s] DEBUG:colcon.colcon_core.package_identification:Package 'drone_pi_ws/src/ros2/example_interfaces' with type 'ros.ament_cmake' and name 'example_interfaces'
[1.566s] Level 1:colcon.colcon_core.package_identification:_identify(drone_pi_ws/src/ros2/rcl_interfaces) by extensions ['ignore', 'ignore_ament_install']
[1.567s] Level 1:colcon.colcon_core.package_identification:_identify(drone_pi_ws/src/ros2/rcl_interfaces) by extension 'ignore'
[1.567s] Level 1:colcon.colcon_core.package_identification:_identify(drone_pi_ws/src/ros2/rcl_interfaces) by extension 'ignore_ament_install'
[1.567s] Level 1:colcon.colcon_core.package_identification:_identify(drone_pi_ws/src/ros2/rcl_interfaces) by extensions ['colcon_pkg']
[1.567s] Level 1:colcon.colcon_core.package_identification:_identify(drone_pi_ws/src/ros2/rcl_interfaces) by extension 'colcon_pkg'
[1.567s] Level 1:colcon.colcon_core.package_identification:_identify(drone_pi_ws/src/ros2/rcl_interfaces) by extensions ['colcon_meta']
[1.568s] Level 1:colcon.colcon_core.package_identification:_identify(drone_pi_ws/src/ros2/rcl_interfaces) by extension 'colcon_meta'
[1.568s] Level 1:colcon.colcon_core.package_identification:_identify(drone_pi_ws/src/ros2/rcl_interfaces) by extensions ['ros']
[1.568s] Level 1:colcon.colcon_core.package_identification:_identify(drone_pi_ws/src/ros2/rcl_interfaces) by extension 'ros'
[1.568s] Level 1:colcon.colcon_core.package_identification:_identify(drone_pi_ws/src/ros2/rcl_interfaces) by extensions ['cargo', 'cmake', 'python']
[1.568s] Level 1:colcon.colcon_core.package_identification:_identify(drone_pi_ws/src/ros2/rcl_interfaces) by extension 'cargo'
[1.569s] Level 1:colcon.colcon_core.package_identification:_identify(drone_pi_ws/src/ros2/rcl_interfaces) by extension 'cmake'
[1.569s] Level 1:colcon.colcon_core.package_identification:_identify(drone_pi_ws/src/ros2/rcl_interfaces) by extension 'python'
[1.569s] Level 1:colcon.colcon_core.package_identification:_identify(drone_pi_ws/src/ros2/rcl_interfaces) by extensions ['python_setup_py']
[1.569s] Level 1:colcon.colcon_core.package_identification:_identify(drone_pi_ws/src/ros2/rcl_interfaces) by extension 'python_setup_py'
[1.570s] Level 1:colcon.colcon_core.package_identification:_identify(drone_pi_ws/src/ros2/rcl_interfaces/action_msgs) by extensions ['ignore', 'ignore_ament_install']
[1.570s] Level 1:colcon.colcon_core.package_identification:_identify(drone_pi_ws/src/ros2/rcl_interfaces/action_msgs) by extension 'ignore'
[1.570s] Level 1:colcon.colcon_core.package_identification:_identify(drone_pi_ws/src/ros2/rcl_interfaces/action_msgs) by extension 'ignore_ament_install'
[1.570s] Level 1:colcon.colcon_core.package_identification:_identify(drone_pi_ws/src/ros2/rcl_interfaces/action_msgs) by extensions ['colcon_pkg']
[1.570s] Level 1:colcon.colcon_core.package_identification:_identify(drone_pi_ws/src/ros2/rcl_interfaces/action_msgs) by extension 'colcon_pkg'
[1.571s] Level 1:colcon.colcon_core.package_identification:_identify(drone_pi_ws/src/ros2/rcl_interfaces/action_msgs) by extensions ['colcon_meta']
[1.571s] Level 1:colcon.colcon_core.package_identification:_identify(drone_pi_ws/src/ros2/rcl_interfaces/action_msgs) by extension 'colcon_meta'
[1.571s] Level 1:colcon.colcon_core.package_identification:_identify(drone_pi_ws/src/ros2/rcl_interfaces/action_msgs) by extensions ['ros']
[1.571s] Level 1:colcon.colcon_core.package_identification:_identify(drone_pi_ws/src/ros2/rcl_interfaces/action_msgs) by extension 'ros'
[1.574s] DEBUG:colcon.colcon_core.package_identification:Package 'drone_pi_ws/src/ros2/rcl_interfaces/action_msgs' with type 'ros.ament_cmake' and name 'action_msgs'
[1.575s] Level 1:colcon.colcon_core.package_identification:_identify(drone_pi_ws/src/ros2/rcl_interfaces/builtin_interfaces) by extensions ['ignore', 'ignore_ament_install']
[1.575s] Level 1:colcon.colcon_core.package_identification:_identify(drone_pi_ws/src/ros2/rcl_interfaces/builtin_interfaces) by extension 'ignore'
[1.575s] Level 1:colcon.colcon_core.package_identification:_identify(drone_pi_ws/src/ros2/rcl_interfaces/builtin_interfaces) by extension 'ignore_ament_install'
[1.575s] Level 1:colcon.colcon_core.package_identification:_identify(drone_pi_ws/src/ros2/rcl_interfaces/builtin_interfaces) by extensions ['colcon_pkg']
[1.576s] Level 1:colcon.colcon_core.package_identification:_identify(drone_pi_ws/src/ros2/rcl_interfaces/builtin_interfaces) by extension 'colcon_pkg'
[1.576s] Level 1:colcon.colcon_core.package_identification:_identify(drone_pi_ws/src/ros2/rcl_interfaces/builtin_interfaces) by extensions ['colcon_meta']
[1.576s] Level 1:colcon.colcon_core.package_identification:_identify(drone_pi_ws/src/ros2/rcl_interfaces/builtin_interfaces) by extension 'colcon_meta'
[1.576s] Level 1:colcon.colcon_core.package_identification:_identify(drone_pi_ws/src/ros2/rcl_interfaces/builtin_interfaces) by extensions ['ros']
[1.576s] Level 1:colcon.colcon_core.package_identification:_identify(drone_pi_ws/src/ros2/rcl_interfaces/builtin_interfaces) by extension 'ros'
[1.579s] DEBUG:colcon.colcon_core.package_identification:Package 'drone_pi_ws/src/ros2/rcl_interfaces/builtin_interfaces' with type 'ros.ament_cmake' and name 'builtin_interfaces'
[1.579s] Level 1:colcon.colcon_core.package_identification:_identify(drone_pi_ws/src/ros2/rcl_interfaces/composition_interfaces) by extensions ['ignore', 'ignore_ament_install']
[1.580s] Level 1:colcon.colcon_core.package_identification:_identify(drone_pi_ws/src/ros2/rcl_interfaces/composition_interfaces) by extension 'ignore'
[1.580s] Level 1:colcon.colcon_core.package_identification:_identify(drone_pi_ws/src/ros2/rcl_interfaces/composition_interfaces) by extension 'ignore_ament_install'
[1.580s] Level 1:colcon.colcon_core.package_identification:_identify(drone_pi_ws/src/ros2/rcl_interfaces/composition_interfaces) by extensions ['colcon_pkg']
[1.580s] Level 1:colcon.colcon_core.package_identification:_identify(drone_pi_ws/src/ros2/rcl_interfaces/composition_interfaces) by extension 'colcon_pkg'
[1.580s] Level 1:colcon.colcon_core.package_identification:_identify(drone_pi_ws/src/ros2/rcl_interfaces/composition_interfaces) by extensions ['colcon_meta']
[1.580s] Level 1:colcon.colcon_core.package_identification:_identify(drone_pi_ws/src/ros2/rcl_interfaces/composition_interfaces) by extension 'colcon_meta'
[1.581s] Level 1:colcon.colcon_core.package_identification:_identify(drone_pi_ws/src/ros2/rcl_interfaces/composition_interfaces) by extensions ['ros']
[1.581s] Level 1:colcon.colcon_core.package_identification:_identify(drone_pi_ws/src/ros2/rcl_interfaces/composition_interfaces) by extension 'ros'
[1.584s] DEBUG:colcon.colcon_core.package_identification:Package 'drone_pi_ws/src/ros2/rcl_interfaces/composition_interfaces' with type 'ros.ament_cmake' and name 'composition_interfaces'
[1.584s] Level 1:colcon.colcon_core.package_identification:_identify(drone_pi_ws/src/ros2/rcl_interfaces/lifecycle_msgs) by extensions ['ignore', 'ignore_ament_install']
[1.585s] Level 1:colcon.colcon_core.package_identification:_identify(drone_pi_ws/src/ros2/rcl_interfaces/lifecycle_msgs) by extension 'ignore'
[1.585s] Level 1:colcon.colcon_core.package_identification:_identify(drone_pi_ws/src/ros2/rcl_interfaces/lifecycle_msgs) by extension 'ignore_ament_install'
[1.585s] Level 1:colcon.colcon_core.package_identification:_identify(drone_pi_ws/src/ros2/rcl_interfaces/lifecycle_msgs) by extensions ['colcon_pkg']
[1.585s] Level 1:colcon.colcon_core.package_identification:_identify(drone_pi_ws/src/ros2/rcl_interfaces/lifecycle_msgs) by extension 'colcon_pkg'
[1.586s] Level 1:colcon.colcon_core.package_identification:_identify(drone_pi_ws/src/ros2/rcl_interfaces/lifecycle_msgs) by extensions ['colcon_meta']
[1.586s] Level 1:colcon.colcon_core.package_identification:_identify(drone_pi_ws/src/ros2/rcl_interfaces/lifecycle_msgs) by extension 'colcon_meta'
[1.586s] Level 1:colcon.colcon_core.package_identification:_identify(drone_pi_ws/src/ros2/rcl_interfaces/lifecycle_msgs) by extensions ['ros']
[1.586s] Level 1:colcon.colcon_core.package_identification:_identify(drone_pi_ws/src/ros2/rcl_interfaces/lifecycle_msgs) by extension 'ros'
[1.588s] DEBUG:colcon.colcon_core.package_identification:Package 'drone_pi_ws/src/ros2/rcl_interfaces/lifecycle_msgs' with type 'ros.ament_cmake' and name 'lifecycle_msgs'
[1.589s] Level 1:colcon.colcon_core.package_identification:_identify(drone_pi_ws/src/ros2/rcl_interfaces/rcl_interfaces) by extensions ['ignore', 'ignore_ament_install']
[1.589s] Level 1:colcon.colcon_core.package_identification:_identify(drone_pi_ws/src/ros2/rcl_interfaces/rcl_interfaces) by extension 'ignore'
[1.590s] Level 1:colcon.colcon_core.package_identification:_identify(drone_pi_ws/src/ros2/rcl_interfaces/rcl_interfaces) by extension 'ignore_ament_install'
[1.590s] Level 1:colcon.colcon_core.package_identification:_identify(drone_pi_ws/src/ros2/rcl_interfaces/rcl_interfaces) by extensions ['colcon_pkg']
[1.590s] Level 1:colcon.colcon_core.package_identification:_identify(drone_pi_ws/src/ros2/rcl_interfaces/rcl_interfaces) by extension 'colcon_pkg'
[1.590s] Level 1:colcon.colcon_core.package_identification:_identify(drone_pi_ws/src/ros2/rcl_interfaces/rcl_interfaces) by extensions ['colcon_meta']
[1.590s] Level 1:colcon.colcon_core.package_identification:_identify(drone_pi_ws/src/ros2/rcl_interfaces/rcl_interfaces) by extension 'colcon_meta'
[1.591s] Level 1:colcon.colcon_core.package_identification:_identify(drone_pi_ws/src/ros2/rcl_interfaces/rcl_interfaces) by extensions ['ros']
[1.591s] Level 1:colcon.colcon_core.package_identification:_identify(drone_pi_ws/src/ros2/rcl_interfaces/rcl_interfaces) by extension 'ros'
[1.593s] DEBUG:colcon.colcon_core.package_identification:Package 'drone_pi_ws/src/ros2/rcl_interfaces/rcl_interfaces' with type 'ros.ament_cmake' and name 'rcl_interfaces'
[1.594s] Level 1:colcon.colcon_core.package_identification:_identify(drone_pi_ws/src/ros2/rcl_interfaces/rosgraph_msgs) by extensions ['ignore', 'ignore_ament_install']
[1.594s] Level 1:colcon.colcon_core.package_identification:_identify(drone_pi_ws/src/ros2/rcl_interfaces/rosgraph_msgs) by extension 'ignore'
[1.594s] Level 1:colcon.colcon_core.package_identification:_identify(drone_pi_ws/src/ros2/rcl_interfaces/rosgraph_msgs) by extension 'ignore_ament_install'
[1.595s] Level 1:colcon.colcon_core.package_identification:_identify(drone_pi_ws/src/ros2/rcl_interfaces/rosgraph_msgs) by extensions ['colcon_pkg']
[1.595s] Level 1:colcon.colcon_core.package_identification:_identify(drone_pi_ws/src/ros2/rcl_interfaces/rosgraph_msgs) by extension 'colcon_pkg'
[1.595s] Level 1:colcon.colcon_core.package_identification:_identify(drone_pi_ws/src/ros2/rcl_interfaces/rosgraph_msgs) by extensions ['colcon_meta']
[1.595s] Level 1:colcon.colcon_core.package_identification:_identify(drone_pi_ws/src/ros2/rcl_interfaces/rosgraph_msgs) by extension 'colcon_meta'
[1.595s] Level 1:colcon.colcon_core.package_identification:_identify(drone_pi_ws/src/ros2/rcl_interfaces/rosgraph_msgs) by extensions ['ros']
[1.595s] Level 1:colcon.colcon_core.package_identification:_identify(drone_pi_ws/src/ros2/rcl_interfaces/rosgraph_msgs) by extension 'ros'
[1.598s] DEBUG:colcon.colcon_core.package_identification:Package 'drone_pi_ws/src/ros2/rcl_interfaces/rosgraph_msgs' with type 'ros.ament_cmake' and name 'rosgraph_msgs'
[1.599s] Level 1:colcon.colcon_core.package_identification:_identify(drone_pi_ws/src/ros2/rcl_interfaces/statistics_msgs) by extensions ['ignore', 'ignore_ament_install']
[1.599s] Level 1:colcon.colcon_core.package_identification:_identify(drone_pi_ws/src/ros2/rcl_interfaces/statistics_msgs) by extension 'ignore'
[1.599s] Level 1:colcon.colcon_core.package_identification:_identify(drone_pi_ws/src/ros2/rcl_interfaces/statistics_msgs) by extension 'ignore_ament_install'
[1.599s] Level 1:colcon.colcon_core.package_identification:_identify(drone_pi_ws/src/ros2/rcl_interfaces/statistics_msgs) by extensions ['colcon_pkg']
[1.600s] Level 1:colcon.colcon_core.package_identification:_identify(drone_pi_ws/src/ros2/rcl_interfaces/statistics_msgs) by extension 'colcon_pkg'
[1.600s] Level 1:colcon.colcon_core.package_identification:_identify(drone_pi_ws/src/ros2/rcl_interfaces/statistics_msgs) by extensions ['colcon_meta']
[1.600s] Level 1:colcon.colcon_core.package_identification:_identify(drone_pi_ws/src/ros2/rcl_interfaces/statistics_msgs) by extension 'colcon_meta'
[1.600s] Level 1:colcon.colcon_core.package_identification:_identify(drone_pi_ws/src/ros2/rcl_interfaces/statistics_msgs) by extensions ['ros']
[1.600s] Level 1:colcon.colcon_core.package_identification:_identify(drone_pi_ws/src/ros2/rcl_interfaces/statistics_msgs) by extension 'ros'
[1.603s] DEBUG:colcon.colcon_core.package_identification:Package 'drone_pi_ws/src/ros2/rcl_interfaces/statistics_msgs' with type 'ros.ament_cmake' and name 'statistics_msgs'
[1.603s] Level 1:colcon.colcon_core.package_identification:_identify(drone_pi_ws/src/ros2/rcl_interfaces/test_msgs) by extensions ['ignore', 'ignore_ament_install']
[1.604s] Level 1:colcon.colcon_core.package_identification:_identify(drone_pi_ws/src/ros2/rcl_interfaces/test_msgs) by extension 'ignore'
[1.604s] Level 1:colcon.colcon_core.package_identification:_identify(drone_pi_ws/src/ros2/rcl_interfaces/test_msgs) by extension 'ignore_ament_install'
[1.604s] Level 1:colcon.colcon_core.package_identification:_identify(drone_pi_ws/src/ros2/rcl_interfaces/test_msgs) by extensions ['colcon_pkg']
[1.604s] Level 1:colcon.colcon_core.package_identification:_identify(drone_pi_ws/src/ros2/rcl_interfaces/test_msgs) by extension 'colcon_pkg'
[1.604s] Level 1:colcon.colcon_core.package_identification:_identify(drone_pi_ws/src/ros2/rcl_interfaces/test_msgs) by extensions ['colcon_meta']
[1.604s] Level 1:colcon.colcon_core.package_identification:_identify(drone_pi_ws/src/ros2/rcl_interfaces/test_msgs) by extension 'colcon_meta'
[1.605s] Level 1:colcon.colcon_core.package_identification:_identify(drone_pi_ws/src/ros2/rcl_interfaces/test_msgs) by extensions ['ros']
[1.605s] Level 1:colcon.colcon_core.package_identification:_identify(drone_pi_ws/src/ros2/rcl_interfaces/test_msgs) by extension 'ros'
[1.608s] DEBUG:colcon.colcon_core.package_identification:Package 'drone_pi_ws/src/ros2/rcl_interfaces/test_msgs' with type 'ros.ament_cmake' and name 'test_msgs'
[1.609s] Level 1:colcon.colcon_core.package_identification:_identify(drone_pi_ws/src/ros2/rosidl_defaults) by extensions ['ignore', 'ignore_ament_install']
[1.609s] Level 1:colcon.colcon_core.package_identification:_identify(drone_pi_ws/src/ros2/rosidl_defaults) by extension 'ignore'
[1.609s] Level 1:colcon.colcon_core.package_identification:_identify(drone_pi_ws/src/ros2/rosidl_defaults) by extension 'ignore_ament_install'
[1.610s] Level 1:colcon.colcon_core.package_identification:_identify(drone_pi_ws/src/ros2/rosidl_defaults) by extensions ['colcon_pkg']
[1.610s] Level 1:colcon.colcon_core.package_identification:_identify(drone_pi_ws/src/ros2/rosidl_defaults) by extension 'colcon_pkg'
[1.610s] Level 1:colcon.colcon_core.package_identification:_identify(drone_pi_ws/src/ros2/rosidl_defaults) by extensions ['colcon_meta']
[1.610s] Level 1:colcon.colcon_core.package_identification:_identify(drone_pi_ws/src/ros2/rosidl_defaults) by extension 'colcon_meta'
[1.610s] Level 1:colcon.colcon_core.package_identification:_identify(drone_pi_ws/src/ros2/rosidl_defaults) by extensions ['ros']
[1.610s] Level 1:colcon.colcon_core.package_identification:_identify(drone_pi_ws/src/ros2/rosidl_defaults) by extension 'ros'
[1.611s] Level 1:colcon.colcon_core.package_identification:_identify(drone_pi_ws/src/ros2/rosidl_defaults) by extensions ['cargo', 'cmake', 'python']
[1.611s] Level 1:colcon.colcon_core.package_identification:_identify(drone_pi_ws/src/ros2/rosidl_defaults) by extension 'cargo'
[1.611s] Level 1:colcon.colcon_core.package_identification:_identify(drone_pi_ws/src/ros2/rosidl_defaults) by extension 'cmake'
[1.611s] Level 1:colcon.colcon_core.package_identification:_identify(drone_pi_ws/src/ros2/rosidl_defaults) by extension 'python'
[1.611s] Level 1:colcon.colcon_core.package_identification:_identify(drone_pi_ws/src/ros2/rosidl_defaults) by extensions ['python_setup_py']
[1.611s] Level 1:colcon.colcon_core.package_identification:_identify(drone_pi_ws/src/ros2/rosidl_defaults) by extension 'python_setup_py'
[1.612s] Level 1:colcon.colcon_core.package_identification:_identify(drone_pi_ws/src/ros2/rosidl_defaults/rosidl_default_generators) by extensions ['ignore', 'ignore_ament_install']
[1.612s] Level 1:colcon.colcon_core.package_identification:_identify(drone_pi_ws/src/ros2/rosidl_defaults/rosidl_default_generators) by extension 'ignore'
[1.612s] Level 1:colcon.colcon_core.package_identification:_identify(drone_pi_ws/src/ros2/rosidl_defaults/rosidl_default_generators) by extension 'ignore_ament_install'
[1.613s] Level 1:colcon.colcon_core.package_identification:_identify(drone_pi_ws/src/ros2/rosidl_defaults/rosidl_default_generators) by extensions ['colcon_pkg']
[1.613s] Level 1:colcon.colcon_core.package_identification:_identify(drone_pi_ws/src/ros2/rosidl_defaults/rosidl_default_generators) by extension 'colcon_pkg'
[1.613s] Level 1:colcon.colcon_core.package_identification:_identify(drone_pi_ws/src/ros2/rosidl_defaults/rosidl_default_generators) by extensions ['colcon_meta']
[1.613s] Level 1:colcon.colcon_core.package_identification:_identify(drone_pi_ws/src/ros2/rosidl_defaults/rosidl_default_generators) by extension 'colcon_meta'
[1.613s] Level 1:colcon.colcon_core.package_identification:_identify(drone_pi_ws/src/ros2/rosidl_defaults/rosidl_default_generators) by extensions ['ros']
[1.614s] Level 1:colcon.colcon_core.package_identification:_identify(drone_pi_ws/src/ros2/rosidl_defaults/rosidl_default_generators) by extension 'ros'
[1.616s] DEBUG:colcon.colcon_core.package_identification:Package 'drone_pi_ws/src/ros2/rosidl_defaults/rosidl_default_generators' with type 'ros.ament_cmake' and name 'rosidl_default_generators'
[1.617s] Level 1:colcon.colcon_core.package_identification:_identify(drone_pi_ws/src/ros2/rosidl_defaults/rosidl_default_runtime) by extensions ['ignore', 'ignore_ament_install']
[1.617s] Level 1:colcon.colcon_core.package_identification:_identify(drone_pi_ws/src/ros2/rosidl_defaults/rosidl_default_runtime) by extension 'ignore'
[1.618s] Level 1:colcon.colcon_core.package_identification:_identify(drone_pi_ws/src/ros2/rosidl_defaults/rosidl_default_runtime) by extension 'ignore_ament_install'
[1.618s] Level 1:colcon.colcon_core.package_identification:_identify(drone_pi_ws/src/ros2/rosidl_defaults/rosidl_default_runtime) by extensions ['colcon_pkg']
[1.618s] Level 1:colcon.colcon_core.package_identification:_identify(drone_pi_ws/src/ros2/rosidl_defaults/rosidl_default_runtime) by extension 'colcon_pkg'
[1.618s] Level 1:colcon.colcon_core.package_identification:_identify(drone_pi_ws/src/ros2/rosidl_defaults/rosidl_default_runtime) by extensions ['colcon_meta']
[1.618s] Level 1:colcon.colcon_core.package_identification:_identify(drone_pi_ws/src/ros2/rosidl_defaults/rosidl_default_runtime) by extension 'colcon_meta'
[1.619s] Level 1:colcon.colcon_core.package_identification:_identify(drone_pi_ws/src/ros2/rosidl_defaults/rosidl_default_runtime) by extensions ['ros']
[1.619s] Level 1:colcon.colcon_core.package_identification:_identify(drone_pi_ws/src/ros2/rosidl_defaults/rosidl_default_runtime) by extension 'ros'
[1.621s] DEBUG:colcon.colcon_core.package_identification:Package 'drone_pi_ws/src/ros2/rosidl_defaults/rosidl_default_runtime' with type 'ros.ament_cmake' and name 'rosidl_default_runtime'
[1.622s] Level 1:colcon.colcon_core.package_identification:_identify(drone_pi_ws/src/ros2/test_interface_files) by extensions ['ignore', 'ignore_ament_install']
[1.622s] Level 1:colcon.colcon_core.package_identification:_identify(drone_pi_ws/src/ros2/test_interface_files) by extension 'ignore'
[1.623s] Level 1:colcon.colcon_core.package_identification:_identify(drone_pi_ws/src/ros2/test_interface_files) by extension 'ignore_ament_install'
[1.623s] Level 1:colcon.colcon_core.package_identification:_identify(drone_pi_ws/src/ros2/test_interface_files) by extensions ['colcon_pkg']
[1.623s] Level 1:colcon.colcon_core.package_identification:_identify(drone_pi_ws/src/ros2/test_interface_files) by extension 'colcon_pkg'
[1.623s] Level 1:colcon.colcon_core.package_identification:_identify(drone_pi_ws/src/ros2/test_interface_files) by extensions ['colcon_meta']
[1.623s] Level 1:colcon.colcon_core.package_identification:_identify(drone_pi_ws/src/ros2/test_interface_files) by extension 'colcon_meta'
[1.623s] Level 1:colcon.colcon_core.package_identification:_identify(drone_pi_ws/src/ros2/test_interface_files) by extensions ['ros']
[1.624s] Level 1:colcon.colcon_core.package_identification:_identify(drone_pi_ws/src/ros2/test_interface_files) by extension 'ros'
[1.626s] DEBUG:colcon.colcon_core.package_identification:Package 'drone_pi_ws/src/ros2/test_interface_files' with type 'ros.ament_cmake' and name 'test_interface_files'
[1.626s] Level 1:colcon.colcon_core.package_identification:_identify(drone_pi_ws/src/ros2/unique_identifier_msgs) by extensions ['ignore', 'ignore_ament_install']
[1.627s] Level 1:colcon.colcon_core.package_identification:_identify(drone_pi_ws/src/ros2/unique_identifier_msgs) by extension 'ignore'
[1.627s] Level 1:colcon.colcon_core.package_identification:_identify(drone_pi_ws/src/ros2/unique_identifier_msgs) by extension 'ignore_ament_install'
[1.627s] Level 1:colcon.colcon_core.package_identification:_identify(drone_pi_ws/src/ros2/unique_identifier_msgs) by extensions ['colcon_pkg']
[1.627s] Level 1:colcon.colcon_core.package_identification:_identify(drone_pi_ws/src/ros2/unique_identifier_msgs) by extension 'colcon_pkg'
[1.627s] Level 1:colcon.colcon_core.package_identification:_identify(drone_pi_ws/src/ros2/unique_identifier_msgs) by extensions ['colcon_meta']
[1.627s] Level 1:colcon.colcon_core.package_identification:_identify(drone_pi_ws/src/ros2/unique_identifier_msgs) by extension 'colcon_meta'
[1.628s] Level 1:colcon.colcon_core.package_identification:_identify(drone_pi_ws/src/ros2/unique_identifier_msgs) by extensions ['ros']
[1.628s] Level 1:colcon.colcon_core.package_identification:_identify(drone_pi_ws/src/ros2/unique_identifier_msgs) by extension 'ros'
[1.630s] DEBUG:colcon.colcon_core.package_identification:Package 'drone_pi_ws/src/ros2/unique_identifier_msgs' with type 'ros.ament_cmake' and name 'unique_identifier_msgs'
[1.631s] Level 1:colcon.colcon_core.package_identification:_identify(drone_pi_ws/src/ros2_rust) by extensions ['ignore', 'ignore_ament_install']
[1.631s] Level 1:colcon.colcon_core.package_identification:_identify(drone_pi_ws/src/ros2_rust) by extension 'ignore'
[1.631s] Level 1:colcon.colcon_core.package_identification:_identify(drone_pi_ws/src/ros2_rust) by extension 'ignore_ament_install'
[1.632s] Level 1:colcon.colcon_core.package_identification:_identify(drone_pi_ws/src/ros2_rust) by extensions ['colcon_pkg']
[1.632s] Level 1:colcon.colcon_core.package_identification:_identify(drone_pi_ws/src/ros2_rust) by extension 'colcon_pkg'
[1.632s] Level 1:colcon.colcon_core.package_identification:_identify(drone_pi_ws/src/ros2_rust) by extensions ['colcon_meta']
[1.632s] Level 1:colcon.colcon_core.package_identification:_identify(drone_pi_ws/src/ros2_rust) by extension 'colcon_meta'
[1.632s] Level 1:colcon.colcon_core.package_identification:_identify(drone_pi_ws/src/ros2_rust) by extensions ['ros']
[1.632s] Level 1:colcon.colcon_core.package_identification:_identify(drone_pi_ws/src/ros2_rust) by extension 'ros'
[1.633s] Level 1:colcon.colcon_core.package_identification:_identify(drone_pi_ws/src/ros2_rust) by extensions ['cargo', 'cmake', 'python']
[1.633s] Level 1:colcon.colcon_core.package_identification:_identify(drone_pi_ws/src/ros2_rust) by extension 'cargo'
[1.633s] Level 1:colcon.colcon_core.package_identification:_identify(drone_pi_ws/src/ros2_rust) by extension 'cmake'
[1.633s] Level 1:colcon.colcon_core.package_identification:_identify(drone_pi_ws/src/ros2_rust) by extension 'python'
[1.633s] Level 1:colcon.colcon_core.package_identification:_identify(drone_pi_ws/src/ros2_rust) by extensions ['python_setup_py']
[1.633s] Level 1:colcon.colcon_core.package_identification:_identify(drone_pi_ws/src/ros2_rust) by extension 'python_setup_py'
[1.634s] Level 1:colcon.colcon_core.package_identification:_identify(drone_pi_ws/src/ros2_rust/docs) by extensions ['ignore', 'ignore_ament_install']
[1.634s] Level 1:colcon.colcon_core.package_identification:_identify(drone_pi_ws/src/ros2_rust/docs) by extension 'ignore'
[1.635s] Level 1:colcon.colcon_core.package_identification:_identify(drone_pi_ws/src/ros2_rust/docs) by extension 'ignore_ament_install'
[1.635s] Level 1:colcon.colcon_core.package_identification:_identify(drone_pi_ws/src/ros2_rust/docs) by extensions ['colcon_pkg']
[1.635s] Level 1:colcon.colcon_core.package_identification:_identify(drone_pi_ws/src/ros2_rust/docs) by extension 'colcon_pkg'
[1.635s] Level 1:colcon.colcon_core.package_identification:_identify(drone_pi_ws/src/ros2_rust/docs) by extensions ['colcon_meta']
[1.635s] Level 1:colcon.colcon_core.package_identification:_identify(drone_pi_ws/src/ros2_rust/docs) by extension 'colcon_meta'
[1.635s] Level 1:colcon.colcon_core.package_identification:_identify(drone_pi_ws/src/ros2_rust/docs) by extensions ['ros']
[1.635s] Level 1:colcon.colcon_core.package_identification:_identify(drone_pi_ws/src/ros2_rust/docs) by extension 'ros'
[1.636s] Level 1:colcon.colcon_core.package_identification:_identify(drone_pi_ws/src/ros2_rust/docs) by extensions ['cargo', 'cmake', 'python']
[1.636s] Level 1:colcon.colcon_core.package_identification:_identify(drone_pi_ws/src/ros2_rust/docs) by extension 'cargo'
[1.636s] Level 1:colcon.colcon_core.package_identification:_identify(drone_pi_ws/src/ros2_rust/docs) by extension 'cmake'
[1.636s] Level 1:colcon.colcon_core.package_identification:_identify(drone_pi_ws/src/ros2_rust/docs) by extension 'python'
[1.636s] Level 1:colcon.colcon_core.package_identification:_identify(drone_pi_ws/src/ros2_rust/docs) by extensions ['python_setup_py']
[1.636s] Level 1:colcon.colcon_core.package_identification:_identify(drone_pi_ws/src/ros2_rust/docs) by extension 'python_setup_py'
[1.637s] Level 1:colcon.colcon_core.package_identification:_identify(drone_pi_ws/src/ros2_rust/examples) by extensions ['ignore', 'ignore_ament_install']
[1.637s] Level 1:colcon.colcon_core.package_identification:_identify(drone_pi_ws/src/ros2_rust/examples) by extension 'ignore'
[1.638s] Level 1:colcon.colcon_core.package_identification:_identify(drone_pi_ws/src/ros2_rust/examples) by extension 'ignore_ament_install'
[1.638s] Level 1:colcon.colcon_core.package_identification:_identify(drone_pi_ws/src/ros2_rust/examples) by extensions ['colcon_pkg']
[1.638s] Level 1:colcon.colcon_core.package_identification:_identify(drone_pi_ws/src/ros2_rust/examples) by extension 'colcon_pkg'
[1.638s] Level 1:colcon.colcon_core.package_identification:_identify(drone_pi_ws/src/ros2_rust/examples) by extensions ['colcon_meta']
[1.638s] Level 1:colcon.colcon_core.package_identification:_identify(drone_pi_ws/src/ros2_rust/examples) by extension 'colcon_meta'
[1.638s] Level 1:colcon.colcon_core.package_identification:_identify(drone_pi_ws/src/ros2_rust/examples) by extensions ['ros']
[1.638s] Level 1:colcon.colcon_core.package_identification:_identify(drone_pi_ws/src/ros2_rust/examples) by extension 'ros'
[1.639s] Level 1:colcon.colcon_core.package_identification:_identify(drone_pi_ws/src/ros2_rust/examples) by extensions ['cargo', 'cmake', 'python']
[1.639s] Level 1:colcon.colcon_core.package_identification:_identify(drone_pi_ws/src/ros2_rust/examples) by extension 'cargo'
[1.639s] Level 1:colcon.colcon_core.package_identification:_identify(drone_pi_ws/src/ros2_rust/examples) by extension 'cmake'
[1.639s] Level 1:colcon.colcon_core.package_identification:_identify(drone_pi_ws/src/ros2_rust/examples) by extension 'python'
[1.639s] Level 1:colcon.colcon_core.package_identification:_identify(drone_pi_ws/src/ros2_rust/examples) by extensions ['python_setup_py']
[1.639s] Level 1:colcon.colcon_core.package_identification:_identify(drone_pi_ws/src/ros2_rust/examples) by extension 'python_setup_py'
[1.640s] Level 1:colcon.colcon_core.package_identification:_identify(drone_pi_ws/src/ros2_rust/examples/message_demo) by extensions ['ignore', 'ignore_ament_install']
[1.640s] Level 1:colcon.colcon_core.package_identification:_identify(drone_pi_ws/src/ros2_rust/examples/message_demo) by extension 'ignore'
[1.641s] Level 1:colcon.colcon_core.package_identification:_identify(drone_pi_ws/src/ros2_rust/examples/message_demo) by extension 'ignore_ament_install'
[1.641s] Level 1:colcon.colcon_core.package_identification:_identify(drone_pi_ws/src/ros2_rust/examples/message_demo) by extensions ['colcon_pkg']
[1.641s] Level 1:colcon.colcon_core.package_identification:_identify(drone_pi_ws/src/ros2_rust/examples/message_demo) by extension 'colcon_pkg'
[1.641s] Level 1:colcon.colcon_core.package_identification:_identify(drone_pi_ws/src/ros2_rust/examples/message_demo) by extensions ['colcon_meta']
[1.641s] Level 1:colcon.colcon_core.package_identification:_identify(drone_pi_ws/src/ros2_rust/examples/message_demo) by extension 'colcon_meta'
[1.641s] Level 1:colcon.colcon_core.package_identification:_identify(drone_pi_ws/src/ros2_rust/examples/message_demo) by extensions ['ros']
[1.642s] Level 1:colcon.colcon_core.package_identification:_identify(drone_pi_ws/src/ros2_rust/examples/message_demo) by extension 'ros'
[1.648s] DEBUG:colcon.colcon_core.package_identification:Package 'drone_pi_ws/src/ros2_rust/examples/message_demo' with type 'ros.ament_cargo' and name 'examples_rclrs_message_demo'
[1.648s] Level 1:colcon.colcon_core.package_identification:_identify(drone_pi_ws/src/ros2_rust/examples/minimal_client_service) by extensions ['ignore', 'ignore_ament_install']
[1.649s] Level 1:colcon.colcon_core.package_identification:_identify(drone_pi_ws/src/ros2_rust/examples/minimal_client_service) by extension 'ignore'
[1.649s] Level 1:colcon.colcon_core.package_identification:_identify(drone_pi_ws/src/ros2_rust/examples/minimal_client_service) by extension 'ignore_ament_install'
[1.649s] Level 1:colcon.colcon_core.package_identification:_identify(drone_pi_ws/src/ros2_rust/examples/minimal_client_service) by extensions ['colcon_pkg']
[1.649s] Level 1:colcon.colcon_core.package_identification:_identify(drone_pi_ws/src/ros2_rust/examples/minimal_client_service) by extension 'colcon_pkg'
[1.650s] Level 1:colcon.colcon_core.package_identification:_identify(drone_pi_ws/src/ros2_rust/examples/minimal_client_service) by extensions ['colcon_meta']
[1.650s] Level 1:colcon.colcon_core.package_identification:_identify(drone_pi_ws/src/ros2_rust/examples/minimal_client_service) by extension 'colcon_meta'
[1.650s] Level 1:colcon.colcon_core.package_identification:_identify(drone_pi_ws/src/ros2_rust/examples/minimal_client_service) by extensions ['ros']
[1.650s] Level 1:colcon.colcon_core.package_identification:_identify(drone_pi_ws/src/ros2_rust/examples/minimal_client_service) by extension 'ros'
[1.652s] DEBUG:colcon.colcon_core.package_identification:Package 'drone_pi_ws/src/ros2_rust/examples/minimal_client_service' with type 'ros.ament_cargo' and name 'examples_rclrs_minimal_client_service'
[1.653s] Level 1:colcon.colcon_core.package_identification:_identify(drone_pi_ws/src/ros2_rust/examples/minimal_pub_sub) by extensions ['ignore', 'ignore_ament_install']
[1.653s] Level 1:colcon.colcon_core.package_identification:_identify(drone_pi_ws/src/ros2_rust/examples/minimal_pub_sub) by extension 'ignore'
[1.653s] Level 1:colcon.colcon_core.package_identification:_identify(drone_pi_ws/src/ros2_rust/examples/minimal_pub_sub) by extension 'ignore_ament_install'
[1.654s] Level 1:colcon.colcon_core.package_identification:_identify(drone_pi_ws/src/ros2_rust/examples/minimal_pub_sub) by extensions ['colcon_pkg']
[1.654s] Level 1:colcon.colcon_core.package_identification:_identify(drone_pi_ws/src/ros2_rust/examples/minimal_pub_sub) by extension 'colcon_pkg'
[1.654s] Level 1:colcon.colcon_core.package_identification:_identify(drone_pi_ws/src/ros2_rust/examples/minimal_pub_sub) by extensions ['colcon_meta']
[1.654s] Level 1:colcon.colcon_core.package_identification:_identify(drone_pi_ws/src/ros2_rust/examples/minimal_pub_sub) by extension 'colcon_meta'
[1.654s] Level 1:colcon.colcon_core.package_identification:_identify(drone_pi_ws/src/ros2_rust/examples/minimal_pub_sub) by extensions ['ros']
[1.655s] Level 1:colcon.colcon_core.package_identification:_identify(drone_pi_ws/src/ros2_rust/examples/minimal_pub_sub) by extension 'ros'
[1.657s] DEBUG:colcon.colcon_core.package_identification:Package 'drone_pi_ws/src/ros2_rust/examples/minimal_pub_sub' with type 'ros.ament_cargo' and name 'examples_rclrs_minimal_pub_sub'
[1.657s] Level 1:colcon.colcon_core.package_identification:_identify(drone_pi_ws/src/ros2_rust/examples/rclrs_example_msgs) by extensions ['ignore', 'ignore_ament_install']
[1.658s] Level 1:colcon.colcon_core.package_identification:_identify(drone_pi_ws/src/ros2_rust/examples/rclrs_example_msgs) by extension 'ignore'
[1.658s] Level 1:colcon.colcon_core.package_identification:_identify(drone_pi_ws/src/ros2_rust/examples/rclrs_example_msgs) by extension 'ignore_ament_install'
[1.658s] Level 1:colcon.colcon_core.package_identification:_identify(drone_pi_ws/src/ros2_rust/examples/rclrs_example_msgs) by extensions ['colcon_pkg']
[1.658s] Level 1:colcon.colcon_core.package_identification:_identify(drone_pi_ws/src/ros2_rust/examples/rclrs_example_msgs) by extension 'colcon_pkg'
[1.658s] Level 1:colcon.colcon_core.package_identification:_identify(drone_pi_ws/src/ros2_rust/examples/rclrs_example_msgs) by extensions ['colcon_meta']
[1.659s] Level 1:colcon.colcon_core.package_identification:_identify(drone_pi_ws/src/ros2_rust/examples/rclrs_example_msgs) by extension 'colcon_meta'
[1.659s] Level 1:colcon.colcon_core.package_identification:_identify(drone_pi_ws/src/ros2_rust/examples/rclrs_example_msgs) by extensions ['ros']
[1.659s] Level 1:colcon.colcon_core.package_identification:_identify(drone_pi_ws/src/ros2_rust/examples/rclrs_example_msgs) by extension 'ros'
[1.661s] DEBUG:colcon.colcon_core.package_identification:Package 'drone_pi_ws/src/ros2_rust/examples/rclrs_example_msgs' with type 'ros.ament_cmake' and name 'rclrs_example_msgs'
[1.662s] Level 1:colcon.colcon_core.package_identification:_identify(drone_pi_ws/src/ros2_rust/examples/rust_pubsub) by extensions ['ignore', 'ignore_ament_install']
[1.662s] Level 1:colcon.colcon_core.package_identification:_identify(drone_pi_ws/src/ros2_rust/examples/rust_pubsub) by extension 'ignore'
[1.662s] Level 1:colcon.colcon_core.package_identification:_identify(drone_pi_ws/src/ros2_rust/examples/rust_pubsub) by extension 'ignore_ament_install'
[1.662s] Level 1:colcon.colcon_core.package_identification:_identify(drone_pi_ws/src/ros2_rust/examples/rust_pubsub) by extensions ['colcon_pkg']
[1.663s] Level 1:colcon.colcon_core.package_identification:_identify(drone_pi_ws/src/ros2_rust/examples/rust_pubsub) by extension 'colcon_pkg'
[1.663s] Level 1:colcon.colcon_core.package_identification:_identify(drone_pi_ws/src/ros2_rust/examples/rust_pubsub) by extensions ['colcon_meta']
[1.663s] Level 1:colcon.colcon_core.package_identification:_identify(drone_pi_ws/src/ros2_rust/examples/rust_pubsub) by extension 'colcon_meta'
[1.663s] Level 1:colcon.colcon_core.package_identification:_identify(drone_pi_ws/src/ros2_rust/examples/rust_pubsub) by extensions ['ros']
[1.663s] Level 1:colcon.colcon_core.package_identification:_identify(drone_pi_ws/src/ros2_rust/examples/rust_pubsub) by extension 'ros'
[1.665s] DEBUG:colcon.colcon_core.package_identification:Package 'drone_pi_ws/src/ros2_rust/examples/rust_pubsub' with type 'ros.ament_cargo' and name 'rust_pubsub'
[1.666s] Level 1:colcon.colcon_core.package_identification:_identify(drone_pi_ws/src/ros2_rust/rclrs) by extensions ['ignore', 'ignore_ament_install']
[1.666s] Level 1:colcon.colcon_core.package_identification:_identify(drone_pi_ws/src/ros2_rust/rclrs) by extension 'ignore'
[1.667s] Level 1:colcon.colcon_core.package_identification:_identify(drone_pi_ws/src/ros2_rust/rclrs) by extension 'ignore_ament_install'
[1.667s] Level 1:colcon.colcon_core.package_identification:_identify(drone_pi_ws/src/ros2_rust/rclrs) by extensions ['colcon_pkg']
[1.667s] Level 1:colcon.colcon_core.package_identification:_identify(drone_pi_ws/src/ros2_rust/rclrs) by extension 'colcon_pkg'
[1.667s] Level 1:colcon.colcon_core.package_identification:_identify(drone_pi_ws/src/ros2_rust/rclrs) by extensions ['colcon_meta']
[1.667s] Level 1:colcon.colcon_core.package_identification:_identify(drone_pi_ws/src/ros2_rust/rclrs) by extension 'colcon_meta'
[1.668s] Level 1:colcon.colcon_core.package_identification:_identify(drone_pi_ws/src/ros2_rust/rclrs) by extensions ['ros']
[1.668s] Level 1:colcon.colcon_core.package_identification:_identify(drone_pi_ws/src/ros2_rust/rclrs) by extension 'ros'
[1.671s] DEBUG:colcon.colcon_core.package_identification:Package 'drone_pi_ws/src/ros2_rust/rclrs' with type 'ros.ament_cargo' and name 'rclrs'
[1.672s] Level 1:colcon.colcon_core.package_identification:_identify(drone_pi_ws/src/ros2_rust/rosidl_generator_rs) by extensions ['ignore', 'ignore_ament_install']
[1.672s] Level 1:colcon.colcon_core.package_identification:_identify(drone_pi_ws/src/ros2_rust/rosidl_generator_rs) by extension 'ignore'
[1.672s] Level 1:colcon.colcon_core.package_identification:_identify(drone_pi_ws/src/ros2_rust/rosidl_generator_rs) by extension 'ignore_ament_install'
[1.672s] Level 1:colcon.colcon_core.package_identification:_identify(drone_pi_ws/src/ros2_rust/rosidl_generator_rs) by extensions ['colcon_pkg']
[1.672s] Level 1:colcon.colcon_core.package_identification:_identify(drone_pi_ws/src/ros2_rust/rosidl_generator_rs) by extension 'colcon_pkg'
[1.673s] Level 1:colcon.colcon_core.package_identification:_identify(drone_pi_ws/src/ros2_rust/rosidl_generator_rs) by extensions ['colcon_meta']
[1.673s] Level 1:colcon.colcon_core.package_identification:_identify(drone_pi_ws/src/ros2_rust/rosidl_generator_rs) by extension 'colcon_meta'
[1.673s] Level 1:colcon.colcon_core.package_identification:_identify(drone_pi_ws/src/ros2_rust/rosidl_generator_rs) by extensions ['ros']
[1.673s] Level 1:colcon.colcon_core.package_identification:_identify(drone_pi_ws/src/ros2_rust/rosidl_generator_rs) by extension 'ros'
[1.720s] DEBUG:colcon.colcon_core.package_identification:Package 'drone_pi_ws/src/ros2_rust/rosidl_generator_rs' with type 'ros.ament_cmake' and name 'rosidl_generator_rs'
[1.721s] Level 1:colcon.colcon_core.package_identification:_identify(drone_pi_ws/src/ros2_rust/rosidl_runtime_rs) by extensions ['ignore', 'ignore_ament_install']
[1.721s] Level 1:colcon.colcon_core.package_identification:_identify(drone_pi_ws/src/ros2_rust/rosidl_runtime_rs) by extension 'ignore'
[1.722s] Level 1:colcon.colcon_core.package_identification:_identify(drone_pi_ws/src/ros2_rust/rosidl_runtime_rs) by extension 'ignore_ament_install'
[1.722s] Level 1:colcon.colcon_core.package_identification:_identify(drone_pi_ws/src/ros2_rust/rosidl_runtime_rs) by extensions ['colcon_pkg']
[1.722s] Level 1:colcon.colcon_core.package_identification:_identify(drone_pi_ws/src/ros2_rust/rosidl_runtime_rs) by extension 'colcon_pkg'
[1.722s] Level 1:colcon.colcon_core.package_identification:_identify(drone_pi_ws/src/ros2_rust/rosidl_runtime_rs) by extensions ['colcon_meta']
[1.722s] Level 1:colcon.colcon_core.package_identification:_identify(drone_pi_ws/src/ros2_rust/rosidl_runtime_rs) by extension 'colcon_meta'
[1.723s] Level 1:colcon.colcon_core.package_identification:_identify(drone_pi_ws/src/ros2_rust/rosidl_runtime_rs) by extensions ['ros']
[1.723s] Level 1:colcon.colcon_core.package_identification:_identify(drone_pi_ws/src/ros2_rust/rosidl_runtime_rs) by extension 'ros'
[1.725s] DEBUG:colcon.colcon_core.package_identification:Package 'drone_pi_ws/src/ros2_rust/rosidl_runtime_rs' with type 'ros.ament_cargo' and name 'rosidl_runtime_rs'
[1.726s] Level 1:colcon.colcon_core.package_identification:_identify(drone_pi_ws/src/sensor_fusion_pkg) by extensions ['ignore', 'ignore_ament_install']
[1.726s] Level 1:colcon.colcon_core.package_identification:_identify(drone_pi_ws/src/sensor_fusion_pkg) by extension 'ignore'
[1.726s] Level 1:colcon.colcon_core.package_identification:_identify(drone_pi_ws/src/sensor_fusion_pkg) by extension 'ignore_ament_install'
[1.727s] Level 1:colcon.colcon_core.package_identification:_identify(drone_pi_ws/src/sensor_fusion_pkg) by extensions ['colcon_pkg']
[1.727s] Level 1:colcon.colcon_core.package_identification:_identify(drone_pi_ws/src/sensor_fusion_pkg) by extension 'colcon_pkg'
[1.727s] Level 1:colcon.colcon_core.package_identification:_identify(drone_pi_ws/src/sensor_fusion_pkg) by extensions ['colcon_meta']
[1.727s] Level 1:colcon.colcon_core.package_identification:_identify(drone_pi_ws/src/sensor_fusion_pkg) by extension 'colcon_meta'
[1.727s] Level 1:colcon.colcon_core.package_identification:_identify(drone_pi_ws/src/sensor_fusion_pkg) by extensions ['ros']
[1.727s] Level 1:colcon.colcon_core.package_identification:_identify(drone_pi_ws/src/sensor_fusion_pkg) by extension 'ros'
[1.730s] DEBUG:colcon.colcon_core.package_identification:Package 'drone_pi_ws/src/sensor_fusion_pkg' with type 'ros.ament_cargo' and name 'sensor_fusion_pkg'
[1.730s] Level 1:colcon.colcon_core.package_identification:_identify(filters) by extensions ['ignore', 'ignore_ament_install']
[1.731s] Level 1:colcon.colcon_core.package_identification:_identify(filters) by extension 'ignore'
[1.731s] Level 1:colcon.colcon_core.package_identification:_identify(filters) by extension 'ignore_ament_install'
[1.731s] Level 1:colcon.colcon_core.package_identification:_identify(filters) by extensions ['colcon_pkg']
[1.731s] Level 1:colcon.colcon_core.package_identification:_identify(filters) by extension 'colcon_pkg'
[1.731s] Level 1:colcon.colcon_core.package_identification:_identify(filters) by extensions ['colcon_meta']
[1.732s] Level 1:colcon.colcon_core.package_identification:_identify(filters) by extension 'colcon_meta'
[1.732s] Level 1:colcon.colcon_core.package_identification:_identify(filters) by extensions ['ros']
[1.732s] Level 1:colcon.colcon_core.package_identification:_identify(filters) by extension 'ros'
[1.732s] Level 1:colcon.colcon_core.package_identification:_identify(filters) by extensions ['cargo', 'cmake', 'python']
[1.732s] Level 1:colcon.colcon_core.package_identification:_identify(filters) by extension 'cargo'
[1.733s] Level 1:colcon.colcon_core.package_identification:_identify(filters) by extension 'cmake'
[1.733s] Level 1:colcon.colcon_core.package_identification:_identify(filters) by extension 'python'
[1.733s] Level 1:colcon.colcon_core.package_identification:_identify(filters) by extensions ['python_setup_py']
[1.733s] Level 1:colcon.colcon_core.package_identification:_identify(filters) by extension 'python_setup_py'
[1.733s] Level 1:colcon.colcon_core.package_identification:_identify(install) by extensions ['ignore', 'ignore_ament_install']
[1.734s] Level 1:colcon.colcon_core.package_identification:_identify(install) by extension 'ignore'
[1.734s] Level 1:colcon.colcon_core.package_identification:_identify(install) ignored
[1.734s] Level 1:colcon.colcon_core.package_identification:_identify(log) by extensions ['ignore', 'ignore_ament_install']
[1.735s] Level 1:colcon.colcon_core.package_identification:_identify(log) by extension 'ignore'
[1.735s] Level 1:colcon.colcon_core.package_identification:_identify(log) ignored
[1.735s] Level 1:colcon.colcon_core.package_discovery:discover_packages(recursive) using defaults
[1.735s] Level 1:colcon.colcon_core.package_discovery:discover_packages(ignore) discover
[1.735s] Level 1:colcon.colcon_core.package_discovery:discover_packages(ignore) using defaults
[1.735s] Level 1:colcon.colcon_core.package_discovery:discover_packages(path) discover
[1.735s] Level 1:colcon.colcon_core.package_discovery:discover_packages(path) using defaults
[1.887s] INFO:colcon.colcon_core.package_selection:Skipping not selected package 'rosidl_runtime_rs' in 'drone_pi_ws/src/ros2_rust/rosidl_runtime_rs'
[1.888s] INFO:colcon.colcon_core.package_selection:Skipping not selected package 'test_interface_files' in 'drone_pi_ws/src/ros2/test_interface_files'
[1.888s] INFO:colcon.colcon_core.package_selection:Skipping not selected package 'rosidl_generator_rs' in 'drone_pi_ws/src/ros2_rust/rosidl_generator_rs'
[1.888s] INFO:colcon.colcon_core.package_selection:Skipping not selected package 'rosidl_default_generators' in 'drone_pi_ws/src/ros2/rosidl_defaults/rosidl_default_generators'
[1.888s] INFO:colcon.colcon_core.package_selection:Skipping not selected package 'rosidl_default_runtime' in 'drone_pi_ws/src/ros2/rosidl_defaults/rosidl_default_runtime'
[1.888s] INFO:colcon.colcon_core.package_selection:Skipping not selected package 'builtin_interfaces' in 'drone_pi_ws/src/ros2/rcl_interfaces/builtin_interfaces'
[1.888s] INFO:colcon.colcon_core.package_selection:Skipping not selected package 'lifecycle_msgs' in 'drone_pi_ws/src/ros2/rcl_interfaces/lifecycle_msgs'
[1.888s] INFO:colcon.colcon_core.package_selection:Skipping not selected package 'rclrs_example_msgs' in 'drone_pi_ws/src/ros2_rust/examples/rclrs_example_msgs'
[1.889s] INFO:colcon.colcon_core.package_selection:Skipping not selected package 'std_srvs' in 'drone_pi_ws/src/ros2/common_interfaces/std_srvs'
[1.889s] INFO:colcon.colcon_core.package_selection:Skipping not selected package 'unique_identifier_msgs' in 'drone_pi_ws/src/ros2/unique_identifier_msgs'
[1.889s] INFO:colcon.colcon_core.package_selection:Skipping not selected package 'action_msgs' in 'drone_pi_ws/src/ros2/rcl_interfaces/action_msgs'
[1.889s] INFO:colcon.colcon_core.package_selection:Skipping not selected package 'rcl_interfaces' in 'drone_pi_ws/src/ros2/rcl_interfaces/rcl_interfaces'
[1.889s] INFO:colcon.colcon_core.package_selection:Skipping not selected package 'rosgraph_msgs' in 'drone_pi_ws/src/ros2/rcl_interfaces/rosgraph_msgs'
[1.889s] INFO:colcon.colcon_core.package_selection:Skipping not selected package 'statistics_msgs' in 'drone_pi_ws/src/ros2/rcl_interfaces/statistics_msgs'
[1.889s] INFO:colcon.colcon_core.package_selection:Skipping not selected package 'std_msgs' in 'drone_pi_ws/src/ros2/common_interfaces/std_msgs'
[1.889s] INFO:colcon.colcon_core.package_selection:Skipping not selected package 'actionlib_msgs' in 'drone_pi_ws/src/ros2/common_interfaces/actionlib_msgs'
[1.889s] INFO:colcon.colcon_core.package_selection:Skipping not selected package 'composition_interfaces' in 'drone_pi_ws/src/ros2/rcl_interfaces/composition_interfaces'
[1.889s] INFO:colcon.colcon_core.package_selection:Skipping not selected package 'example_interfaces' in 'drone_pi_ws/src/ros2/example_interfaces'
[1.890s] INFO:colcon.colcon_core.package_selection:Skipping not selected package 'geometry_msgs' in 'drone_pi_ws/src/ros2/common_interfaces/geometry_msgs'
[1.890s] INFO:colcon.colcon_core.package_selection:Skipping not selected package 'test_msgs' in 'drone_pi_ws/src/ros2/rcl_interfaces/test_msgs'
[1.890s] INFO:colcon.colcon_core.package_selection:Skipping not selected package 'diagnostic_msgs' in 'drone_pi_ws/src/ros2/common_interfaces/diagnostic_msgs'
[1.890s] INFO:colcon.colcon_core.package_selection:Skipping not selected package 'nav_msgs' in 'drone_pi_ws/src/ros2/common_interfaces/nav_msgs'
[1.890s] INFO:colcon.colcon_core.package_selection:Skipping not selected package 'rclrs' in 'drone_pi_ws/src/ros2_rust/rclrs'
[1.890s] INFO:colcon.colcon_core.package_selection:Skipping not selected package 'sensor_msgs' in 'drone_pi_ws/src/ros2/common_interfaces/sensor_msgs'
[1.890s] INFO:colcon.colcon_core.package_selection:Skipping not selected package 'shape_msgs' in 'drone_pi_ws/src/ros2/common_interfaces/shape_msgs'
[1.890s] INFO:colcon.colcon_core.package_selection:Skipping not selected package 'trajectory_msgs' in 'drone_pi_ws/src/ros2/common_interfaces/trajectory_msgs'
[1.890s] INFO:colcon.colcon_core.package_selection:Skipping not selected package 'examples_rclrs_message_demo' in 'drone_pi_ws/src/ros2_rust/examples/message_demo'
[1.890s] INFO:colcon.colcon_core.package_selection:Skipping not selected package 'examples_rclrs_minimal_client_service' in 'drone_pi_ws/src/ros2_rust/examples/minimal_client_service'
[1.890s] INFO:colcon.colcon_core.package_selection:Skipping not selected package 'examples_rclrs_minimal_pub_sub' in 'drone_pi_ws/src/ros2_rust/examples/minimal_pub_sub'
[1.891s] INFO:colcon.colcon_core.package_selection:Skipping not selected package 'imu_publisher_pkg' in 'drone_pi_ws/src/imu_publisher_pkg'
[1.891s] INFO:colcon.colcon_core.package_selection:Skipping not selected package 'rust_pubsub' in 'drone_pi_ws/src/ros2_rust/examples/rust_pubsub'
[1.891s] INFO:colcon.colcon_core.package_selection:Skipping not selected package 'sensor_msgs_py' in 'drone_pi_ws/src/ros2/common_interfaces/sensor_msgs_py'
[1.891s] INFO:colcon.colcon_core.package_selection:Skipping not selected package 'stereo_msgs' in 'drone_pi_ws/src/ros2/common_interfaces/stereo_msgs'
[1.891s] INFO:colcon.colcon_core.package_selection:Skipping not selected package 'visualization_msgs' in 'drone_pi_ws/src/ros2/common_interfaces/visualization_msgs'
[1.891s] INFO:colcon.colcon_core.package_selection:Skipping not selected package 'common_interfaces' in 'drone_pi_ws/src/ros2/common_interfaces/common_interfaces'
[1.893s] Level 1:colcon.colcon_core.package_discovery:discover_packages(prefix_path) check parameters
[1.893s] Level 1:colcon.colcon_core.package_discovery:discover_packages(prefix_path) discover
[1.917s] DEBUG:colcon.colcon_installed_package_information.package_discovery:Found 36 installed packages in /home/opq/quadcopter_from_scratch/drone_pi_ws/install
[1.926s] DEBUG:colcon.colcon_installed_package_information.package_discovery:Found 270 installed packages in /opt/ros/humble
[1.939s] Level 1:colcon.colcon_core.package_discovery:discover_packages(prefix_path) using defaults
[2.115s] Level 5:colcon.colcon_core.verb:set package 'sensor_fusion_pkg' build argument 'cargo_args' from command line to 'None'
[2.115s] Level 5:colcon.colcon_core.verb:set package 'sensor_fusion_pkg' build argument 'clean_build' from command line to 'False'
[2.115s] Level 5:colcon.colcon_core.verb:set package 'sensor_fusion_pkg' build argument 'cmake_args' from command line to 'None'
[2.115s] Level 5:colcon.colcon_core.verb:set package 'sensor_fusion_pkg' build argument 'cmake_target' from command line to 'None'
[2.115s] Level 5:colcon.colcon_core.verb:set package 'sensor_fusion_pkg' build argument 'cmake_target_skip_unavailable' from command line to 'False'
[2.115s] Level 5:colcon.colcon_core.verb:set package 'sensor_fusion_pkg' build argument 'cmake_clean_cache' from command line to 'False'
[2.116s] Level 5:colcon.colcon_core.verb:set package 'sensor_fusion_pkg' build argument 'cmake_clean_first' from command line to 'False'
[2.116s] Level 5:colcon.colcon_core.verb:set package 'sensor_fusion_pkg' build argument 'cmake_force_configure' from command line to 'False'
[2.116s] Level 5:colcon.colcon_core.verb:set package 'sensor_fusion_pkg' build argument 'lookup_in_workspace' from command line to 'False'
[2.116s] Level 5:colcon.colcon_core.verb:set package 'sensor_fusion_pkg' build argument 'ament_cmake_args' from command line to 'None'
[2.116s] Level 5:colcon.colcon_core.verb:set package 'sensor_fusion_pkg' build argument 'catkin_cmake_args' from command line to 'None'
[2.116s] Level 5:colcon.colcon_core.verb:set package 'sensor_fusion_pkg' build argument 'catkin_skip_building_tests' from command line to 'False'
[2.116s] DEBUG:colcon.colcon_core.verb:Building package 'sensor_fusion_pkg' with the following arguments: {'ament_cmake_args': None, 'build_base': '/home/opq/quadcopter_from_scratch/build/sensor_fusion_pkg', 'cargo_args': None, 'catkin_cmake_args': None, 'catkin_skip_building_tests': False, 'clean_build': False, 'cmake_args': None, 'cmake_clean_cache': False, 'cmake_clean_first': False, 'cmake_force_configure': False, 'cmake_target': None, 'cmake_target_skip_unavailable': False, 'install_base': '/home/opq/quadcopter_from_scratch/install/sensor_fusion_pkg', 'lookup_in_workspace': False, 'merge_install': False, 'path': '/home/opq/quadcopter_from_scratch/drone_pi_ws/src/sensor_fusion_pkg', 'symlink_install': False, 'test_result_base': None}
[2.117s] INFO:colcon.colcon_core.executor:Executing jobs using 'parallel' executor
[2.120s] DEBUG:colcon.colcon_parallel_executor.executor.parallel:run_until_complete
[2.121s] INFO:colcon.colcon_cargo.task.cargo.build:Building Cargo package in '/home/opq/quadcopter_from_scratch/drone_pi_ws/src/sensor_fusion_pkg'
[2.136s] INFO:colcon.colcon_core.plugin_system:Skipping extension 'colcon_core.shell.bat': Not used on non-Windows systems
[2.137s] INFO:colcon.colcon_core.shell:Skip shell extension 'powershell' for command environment: Not usable outside of PowerShell
[2.137s] DEBUG:colcon.colcon_core.shell:Skip shell extension 'dsv' for command environment
[2.169s] WARNING:colcon.colcon_core.shell:The following packages are in the workspace but haven't been built:
- rosidl_runtime_rs
- test_interface_files
- rosidl_generator_rs
- rosidl_default_generators
- rosidl_default_runtime
- builtin_interfaces
- unique_identifier_msgs
- action_msgs
- rcl_interfaces
- rosgraph_msgs
- std_msgs
- geometry_msgs
- test_msgs
- rclrs
- sensor_msgs
They are being used from the following locations instead:
- /home/opq/quadcopter_from_scratch/drone_pi_ws/install/rosidl_runtime_rs
- /home/opq/quadcopter_from_scratch/drone_pi_ws/install/test_interface_files
- /home/opq/quadcopter_from_scratch/drone_pi_ws/install/rosidl_generator_rs
- /home/opq/quadcopter_from_scratch/drone_pi_ws/install/rosidl_default_generators
- /home/opq/quadcopter_from_scratch/drone_pi_ws/install/rosidl_default_runtime
- /home/opq/quadcopter_from_scratch/drone_pi_ws/install/builtin_interfaces
- /home/opq/quadcopter_from_scratch/drone_pi_ws/install/unique_identifier_msgs
- /home/opq/quadcopter_from_scratch/drone_pi_ws/install/action_msgs
- /home/opq/quadcopter_from_scratch/drone_pi_ws/install/rcl_interfaces
- /home/opq/quadcopter_from_scratch/drone_pi_ws/install/rosgraph_msgs
- /home/opq/quadcopter_from_scratch/drone_pi_ws/install/std_msgs
- /home/opq/quadcopter_from_scratch/drone_pi_ws/install/geometry_msgs
- /home/opq/quadcopter_from_scratch/drone_pi_ws/install/test_msgs
- /home/opq/quadcopter_from_scratch/drone_pi_ws/install/rclrs
- /home/opq/quadcopter_from_scratch/drone_pi_ws/install/sensor_msgs
To suppress this warning ignore these packages in the workspace:
--packages-ignore rosidl_runtime_rs test_interface_files rosidl_generator_rs rosidl_default_generators rosidl_default_runtime builtin_interfaces unique_identifier_msgs action_msgs rcl_interfaces rosgraph_msgs std_msgs geometry_msgs test_msgs rclrs sensor_msgs
[2.394s] Level 1:colcon.colcon_core.shell:create_environment_hook('sensor_fusion_pkg', 'ament_prefix_path')
[2.395s] INFO:colcon.colcon_core.shell:Creating environment hook '/home/opq/quadcopter_from_scratch/install/sensor_fusion_pkg/share/sensor_fusion_pkg/hook/ament_prefix_path.ps1'
[2.398s] INFO:colcon.colcon_core.shell:Creating environment descriptor '/home/opq/quadcopter_from_scratch/install/sensor_fusion_pkg/share/sensor_fusion_pkg/hook/ament_prefix_path.dsv'
[2.400s] INFO:colcon.colcon_core.shell:Creating environment hook '/home/opq/quadcopter_from_scratch/install/sensor_fusion_pkg/share/sensor_fusion_pkg/hook/ament_prefix_path.sh'
[2.406s] DEBUG:colcon.colcon_core.event_handler.log_command:Invoking command in 'drone_pi_ws/src/sensor_fusion_pkg': /home/opq/.cargo/bin/cargo metadata --no-deps --format-version 1
[2.592s] DEBUG:colcon.colcon_core.event_handler.log_command:Invoked command in 'drone_pi_ws/src/sensor_fusion_pkg' returned '0': /home/opq/.cargo/bin/cargo metadata --no-deps --format-version 1
[2.602s] DEBUG:colcon.colcon_core.event_handler.log_command:Invoking command in 'drone_pi_ws/src/sensor_fusion_pkg': /home/opq/.cargo/bin/cargo ament-build --install-base /home/opq/quadcopter_from_scratch/install/sensor_fusion_pkg -- --manifest-path /home/opq/quadcopter_from_scratch/drone_pi_ws/src/sensor_fusion_pkg/Cargo.toml --target-dir /home/opq/quadcopter_from_scratch/build/sensor_fusion_pkg --quiet
[225.815s] Level 1:colcon.colcon_core.environment:create_environment_scripts_only(sensor_fusion_pkg)
[225.816s] DEBUG:colcon.colcon_core.event_handler.log_command:Invoked command in 'drone_pi_ws/src/sensor_fusion_pkg' returned '0': /home/opq/.cargo/bin/cargo ament-build --install-base /home/opq/quadcopter_from_scratch/install/sensor_fusion_pkg -- --manifest-path /home/opq/quadcopter_from_scratch/drone_pi_ws/src/sensor_fusion_pkg/Cargo.toml --target-dir /home/opq/quadcopter_from_scratch/build/sensor_fusion_pkg --quiet
[225.829s] Level 1:colcon.colcon_core.environment:checking '/home/opq/quadcopter_from_scratch/install/sensor_fusion_pkg' for CMake module files
[225.831s] Level 1:colcon.colcon_core.environment:checking '/home/opq/quadcopter_from_scratch/install/sensor_fusion_pkg' for CMake config files
[225.834s] Level 1:colcon.colcon_core.environment:checking '/home/opq/quadcopter_from_scratch/install/sensor_fusion_pkg/lib'
[225.835s] Level 1:colcon.colcon_core.environment:checking '/home/opq/quadcopter_from_scratch/install/sensor_fusion_pkg/bin'
[225.835s] Level 1:colcon.colcon_core.environment:checking '/home/opq/quadcopter_from_scratch/install/sensor_fusion_pkg/lib/pkgconfig/sensor_fusion_pkg.pc'
[225.836s] Level 1:colcon.colcon_core.environment:checking '/home/opq/quadcopter_from_scratch/install/sensor_fusion_pkg/lib/python3.10/site-packages'
[225.837s] Level 1:colcon.colcon_core.environment:checking '/home/opq/quadcopter_from_scratch/install/sensor_fusion_pkg/bin'
[225.838s] INFO:colcon.colcon_core.shell:Creating package script '/home/opq/quadcopter_from_scratch/install/sensor_fusion_pkg/share/sensor_fusion_pkg/package.ps1'
[225.841s] INFO:colcon.colcon_core.shell:Creating package descriptor '/home/opq/quadcopter_from_scratch/install/sensor_fusion_pkg/share/sensor_fusion_pkg/package.dsv'
[225.843s] INFO:colcon.colcon_core.shell:Creating package script '/home/opq/quadcopter_from_scratch/install/sensor_fusion_pkg/share/sensor_fusion_pkg/package.sh'
[225.846s] INFO:colcon.colcon_core.shell:Creating package script '/home/opq/quadcopter_from_scratch/install/sensor_fusion_pkg/share/sensor_fusion_pkg/package.bash'
[225.849s] INFO:colcon.colcon_core.shell:Creating package script '/home/opq/quadcopter_from_scratch/install/sensor_fusion_pkg/share/sensor_fusion_pkg/package.zsh'
[225.852s] Level 1:colcon.colcon_core.environment:create_file_with_runtime_dependencies(/home/opq/quadcopter_from_scratch/install/sensor_fusion_pkg/share/colcon-core/packages/sensor_fusion_pkg)
[225.854s] DEBUG:colcon.colcon_parallel_executor.executor.parallel:closing loop
[225.855s] DEBUG:colcon.colcon_parallel_executor.executor.parallel:loop closed
[225.855s] DEBUG:colcon.colcon_parallel_executor.executor.parallel:run_until_complete finished with '0'
[225.856s] DEBUG:colcon.colcon_core.event_reactor:joining thread
[225.884s] INFO:colcon.colcon_core.plugin_system:Skipping extension 'colcon_notification.desktop_notification.terminal_notifier': Not used on non-Darwin systems
[225.884s] INFO:colcon.colcon_core.plugin_system:Skipping extension 'colcon_notification.desktop_notification.win32': Not used on non-Windows systems
[225.884s] INFO:colcon.colcon_notification.desktop_notification:Sending desktop notification using 'notify2'
[225.926s] DEBUG:colcon.colcon_core.event_reactor:joined thread
[225.927s] INFO:colcon.colcon_core.shell:Creating prefix script '/home/opq/quadcopter_from_scratch/install/local_setup.ps1'
[225.931s] INFO:colcon.colcon_core.shell:Creating prefix util module '/home/opq/quadcopter_from_scratch/install/_local_setup_util_ps1.py'
[225.936s] INFO:colcon.colcon_core.shell:Creating prefix chain script '/home/opq/quadcopter_from_scratch/install/setup.ps1'
[225.951s] INFO:colcon.colcon_core.shell:Creating prefix script '/home/opq/quadcopter_from_scratch/install/local_setup.sh'
[225.953s] INFO:colcon.colcon_core.shell:Creating prefix util module '/home/opq/quadcopter_from_scratch/install/_local_setup_util_sh.py'
[225.956s] INFO:colcon.colcon_core.shell:Creating prefix chain script '/home/opq/quadcopter_from_scratch/install/setup.sh'
[225.971s] INFO:colcon.colcon_core.shell:Creating prefix script '/home/opq/quadcopter_from_scratch/install/local_setup.bash'
[225.973s] INFO:colcon.colcon_core.shell:Creating prefix chain script '/home/opq/quadcopter_from_scratch/install/setup.bash'
[225.988s] INFO:colcon.colcon_core.shell:Creating prefix script '/home/opq/quadcopter_from_scratch/install/local_setup.zsh'
[225.990s] INFO:colcon.colcon_core.shell:Creating prefix chain script '/home/opq/quadcopter_from_scratch/install/setup.zsh'
